#
# A fatal error has been detected by the Java Runtime Environment:
#
#  EXCEPTION_ACCESS_VIOLATION (0xc0000005) at pc=0x77ca9137, pid=7172, tid=4368
#
# JRE version: Java(TM) SE Runtime Environment (7.0_55-b13) (build 1.7.0_55-b13)
# Java VM: Java HotSpot(TM) Client VM (24.55-b03 mixed mode, sharing windows-x86 )
# Problematic frame:
# C  [ntdll.dll+0x39137]
#
# Failed to write core dump. Minidumps are not enabled by default on client versions of Windows
#
# If you would like to submit a bug report, please visit:
#   http://bugreport.sun.com/bugreport/crash.jsp
# The crash happened outside the Java Virtual Machine in native code.
# See problematic frame for where to report the bug.
#

---------------  T H R E A D  ---------------

Current thread (0x0018d000):  JavaThread "main" [_thread_in_native, id=4368, stack(0x00a40000,0x00a90000)]

siginfo: ExceptionCode=0xc0000005, writing address 0x0002002a

Registers:
EAX=0x00a8e068, EBX=0x0002002a, ECX=0x006beb90, EDX=0x347782d0
ESP=0x00a8e048, EBP=0x00a8e078, ESI=0x00000000, EDI=0x7efda000
EIP=0x77ca9137, EFLAGS=0x00010246

Top of Stack: (sp=0x00a8e048)
0x00a8e048:   777cf2b6 0018d000 34773c38 34773c38
0x00a8e058:   00002710 0f160bc7 00a8e048 00a8da94
0x00a8e068:   00a8e258 77ce58c5 001dddf6 fffffffe
0x00a8e078:   00a8e098 0f0f3f07 0018d000 34773c38
0x00a8e088:   34773c38 0072b758 0064a4d0 0002002a
0x00a8e098:   00a8e0e0 0233a9dd 0018d130 00a8e0f8
0x00a8e0a8:   006beb90 0018d000 000000d2 00a8e0c0
0x00a8e0b8:   0f6eed29 00000007 00a8e0c0 00000000 

Instructions: (pc=0x77ca9137)
0x77ca9117:   00 00 00 90 90 90 90 90 e9 fc a2 f8 fb c9 77 e8
0x77ca9127:   31 4e ff ff 64 8b 3d 18 00 00 00 8b 5d 1c 33 f6
0x77ca9137:   89 33 39 75 10 0f 84 f6 b9 02 00 89 75 fc 53 ff
0x77ca9147:   75 18 ff 75 14 ff 75 10 ff 75 0c e8 55 ff ff ff 


Register to memory mapping:

EAX=0x00a8e068 is pointing into the stack for thread: 0x0018d000
EBX=0x0002002a is an unknown value
ECX=0x006beb90 is an unknown value
EDX=0x347782d0 is an oop
{constant pool cache} 
 - klass: {other class}
                 -------------
  0  (0x347782e0)  [b5|b4|    1]
                 [   0x29c649a8]
                 [   0x00000008]
                 [   0x44000001]
                 -------------
  1  (0x347782f0)  [00|00|    2]
                 [   0x00000000]
                 [   0x00000000]
                 [   0x00000000]
                 -------------
  2  (0x34778300)  [00|00|    3]
                 [   0x00000000]
                 [   0x00000000]
                 [   0x00000000]
                 -------------
  3  (0x34778310)  [00|b7|    4]
                 [   0x34770b38]
                 [   0x00000000]
                 [   0x70000003]
                 -------------
  4  (0x34778320)  [00|00|    5]
                 [   0x00000000]
                 [   0x00000000]
                 [   0x00000000]
                 -------------
  5  (0x34778330)  [00|00|    6]
                 [   0x00000000]
                 [   0x00000000]
                 [   0x00000000]
                 -------------
  6  (0x34778340)  [00|00|    7]
                 [   0x00000000]
                 [   0x00000000]
                 [   0x00000000]
                 -------------
  7  (0x34778350)  [00|00|    8]
                 [   0x00000000]
                 [   0x00000000]
                 [   0x00000000]
                 -------------
  8  (0x34778360)  [00|00|    9]
                 [   0x00000000]
                 [   0x00000000]
                 [   0x00000000]
                 -------------
  9  (0x34778370)  [00|00|   10]
                 [   0x00000000]
                 [   0x00000000]
                 [   0x00000000]
                 -------------
 10  (0x34778380)  [00|00|   11]
                 [   0x00000000]
                 [   0x00000000]
                 [   0x00000000]
                 -------------
 11  (0x34778390)  [00|00|   12]
                 [   0x00000000]
                 [   0x00000000]
                 [   0x00000000]
                 -------------
 12  (0x347783a0)  [00|00|   13]
                 [   0x00000000]
                 [   0x00000000]
                 [   0x00000000]
                 -------------
 13  (0x347783b0)  [00|00|   14]
                 [   0x00000000]
                 [   0x00000000]
                 [   0x00000000]
                 -------------
 14  (0x347783c0)  [00|b7|   15]
                 [   0x347710b8]
                 [   0x00000000]
                 [   0x70000004]
                 -------------
 15  (0x347783d0)  [00|00|   16]
                 [   0x00000000]
                 [   0x00000000]
                 [   0x00000000]
                 -------------
 16  (0x347783e0)  [00|00|   17]
                 [   0x00000000]
                 [   0x00000000]
                 [   0x00000000]
                 -------------
 17  (0x347783f0)  [00|00|   18]
                 [   0x00000000]
                 [   0x00000000]
                 [   0x00000000]
                 -------------
 18  (0x34778400)  [00|00|   19]
                 [   0x00000000]
                 [   0x00000000]
                 [   0x00000000]
                 -------------
 19  (0x34778410)  [00|00|   20]
                 [   0x00000000]
                 [   0x00000000]
                 [   0x00000000]
                 -------------
 20  (0x34778420)  [00|00|   21]
                 [   0x00000000]
                 [   0x00000000]
                 [   0x00000000]
                 -------------
 21  (0x34778430)  [00|00|   22]
                 [   0x00000000]
                 [   0x00000000]
                 [   0x00000000]
                 -------------
 22  (0x34778440)  [00|00|   23]
                 [   0x00000000]
                 [   0x00000000]
                 [   0x00000000]
                 -------------
 23  (0x34778450)  [00|00|   24]
                 [   0x00000000]
                 [   0x00000000]
                 [   0x00000000]
                 -------------
 24  (0x34778460)  [00|00|   25]
                 [   0x00000000]
                 [   0x00000000]
                 [   0x00000000]
                 -------------
 25  (0x34778470)  [00|00|   26]
                 [   0x00000000]
                 [   0x00000000]
                 [   0x00000000]
                 -------------
 26  (0x34778480)  [00|00|   27]
                 [   0x00000000]
                 [   0x00000000]
                 [   0x00000000]
                 -------------
 27  (0x34778490)  [00|00|   28]
                 [   0x00000000]
                 [   0x00000000]
                 [   0x00000000]
                 -------------
 28  (0x347784a0)  [00|00|   29]
                 [   0x00000000]
                 [   0x00000000]
                 [   0x00000000]
                 -------------
 29  (0x347784b0)  [00|00|   30]
                 [   0x00000000]
                 [   0x00000000]
                 [   0x00000000]
                 -------------
 30  (0x347784c0)  [00|00|   31]
                 [   0x00000000]
                 [   0x00000000]
                 [   0x00000000]
                 -------------
 31  (0x347784d0)  [00|00|   32]
                 [   0x00000000]
                 [   0x00000000]
                 [   0x00000000]
                 -------------
 32  (0x347784e0)  [00|00|   33]
                 [   0x00000000]
                 [   0x00000000]
                 [   0x00000000]
                 -------------
 33  (0x347784f0)  [00|00|   34]
                 [   0x00000000]
                 [   0x00000000]
                 [   0x00000000]
                 -------------
 34  (0x34778500)  [00|00|   35]
                 [   0x00000000]
                 [   0x00000000]
                 [   0x00000000]
                 -------------
 35  (0x34778510)  [00|00|   36]
                 [   0x00000000]
                 [   0x00000000]
                 [   0x00000000]
                 -------------
 36  (0x34778520)  [00|00|   37]
                 [   0x00000000]
                 [   0x00000000]
                 [   0x00000000]
                 -------------
 37  (0x34778530)  [00|00|   38]
                 [   0x00000000]
                 [   0x00000000]
                 [   0x00000000]
                 -------------
 38  (0x34778540)  [00|00|   39]
                 [   0x00000000]
                 [   0x00000000]
                 [   0x00000000]
                 -------------
 39  (0x34778550)  [00|00|   40]
                 [   0x00000000]
                 [   0x00000000]
                 [   0x00000000]
                 -------------
 40  (0x34778560)  [00|00|   41]
                 [   0x00000000]
                 [   0x00000000]
                 [   0x00000000]
                 -------------
 41  (0x34778570)  [00|00|   42]
                 [   0x00000000]
                 [   0x00000000]
                 [   0x00000000]
                 -------------
 42  (0x34778580)  [00|00|   43]
                 [   0x00000000]
                 [   0x00000000]
                 [   0x00000000]
                 -------------
 43  (0x34778590)  [00|00|   44]
                 [   0x00000000]
                 [   0x00000000]
                 [   0x00000000]
                 -------------
 44  (0x347785a0)  [00|00|   45]
                 [   0x00000000]
                 [   0x00000000]
                 [   0x00000000]
                 -------------
 45  (0x347785b0)  [00|00|   46]
                 [   0x00000000]
                 [   0x00000000]
                 [   0x00000000]
                 -------------
 46  (0x347785c0)  [00|00|   47]
                 [   0x00000000]
                 [   0x00000000]
                 [   0x00000000]
                 -------------
 47  (0x347785d0)  [00|00|   48]
                 [   0x00000000]
                 [   0x00000000]
                 [   0x00000000]
                 -------------
 48  (0x347785e0)  [00|00|   49]
                 [   0x00000000]
                 [   0x00000000]
                 [   0x00000000]
                 -------------
 49  (0x347785f0)  [00|00|   50]
                 [   0x00000000]
                 [   0x00000000]
                 [   0x00000000]
                 -------------
 50  (0x34778600)  [00|00|   51]
                 [   0x00000000]
                 [   0x00000000]
                 [   0x00000000]
                 -------------
 51  (0x34778610)  [00|00|   52]
                 [   0x00000000]
                 [   0x00000000]
                 [   0x00000000]
                 -------------
 52  (0x34778620)  [00|00|   53]
                 [   0x00000000]
                 [   0x00000000]
                 [   0x00000000]
                 -------------
 53  (0x34778630)  [00|00|   54]
                 [   0x00000000]
                 [   0x00000000]
                 [   0x00000000]
                 -------------
 54  (0x34778640)  [00|00|   55]
                 [   0x00000000]
                 [   0x00000000]
                 [   0x00000000]
                 -------------
 55  (0x34778650)  [00|00|   56]
                 [   0x00000000]
                 [   0x00000000]
                 [   0x00000000]
                 -------------
 56  (0x34778660)  [00|00|   57]
                 [   0x00000000]
                 [   0x00000000]
                 [   0x00000000]
                 -------------
 57  (0x34778670)  [00|00|   58]
                 [   0x00000000]
                 [   0x00000000]
                 [   0x00000000]
                 -------------
 58  (0x34778680)  [00|00|   59]
                 [   0x00000000]
                 [   0x00000000]
                 [   0x00000000]
                 -------------
 59  (0x34778690)  [00|00|   60]
                 [   0x00000000]
                 [   0x00000000]
                 [   0x00000000]
                 -------------
 60  (0x347786a0)  [00|00|   61]
                 [   0x00000000]
                 [   0x00000000]
                 [   0x00000000]
                 -------------
 61  (0x347786b0)  [00|00|   62]
                 [   0x00000000]
                 [   0x00000000]
                 [   0x00000000]
                 -------------
 62  (0x347786c0)  [00|00|   63]
                 [   0x00000000]
                 [   0x00000000]
                 [   0x00000000]
                 -------------
 63  (0x347786d0)  [00|00|   64]
                 [   0x00000000]
                 [   0x00000000]
                 [   0x00000000]
                 -------------
 64  (0x347786e0)  [00|00|   65]
                 [   0x00000000]
                 [   0x00000000]
                 [   0x00000000]
                 -------------
 65  (0x347786f0)  [00|00|   66]
                 [   0x00000000]
                 [   0x00000000]
                 [   0x00000000]
                 -------------
 66  (0x34778700)  [00|00|   67]
                 [   0x00000000]
                 [   0x00000000]
                 [   0x00000000]
                 -------------
 67  (0x34778710)  [00|00|   68]
                 [   0x00000000]
                 [   0x00000000]
                 [   0x00000000]
                 -------------
 68  (0x34778720)  [00|00|   69]
                 [   0x00000000]
                 [   0x00000000]
                 [   0x00000000]
                 -------------
 69  (0x34778730)  [00|00|   70]
                 [   0x00000000]
                 [   0x00000000]
                 [   0x00000000]
                 -------------
 70  (0x34778740)  [00|00|   71]
                 [   0x00000000]
                 [   0x00000000]
                 [   0x00000000]
                 -------------
 71  (0x34778750)  [00|00|   72]
                 [   0x00000000]
                 [   0x00000000]
                 [   0x00000000]
                 -------------
 72  (0x34778760)  [00|00|   73]
                 [   0x00000000]
                 [   0x00000000]
                 [   0x00000000]
                 -------------
 73  (0x34778770)  [00|00|   74]
                 [   0x00000000]
                 [   0x00000000]
                 [   0x00000000]
                 -------------
 74  (0x34778780)  [00|00|   75]
                 [   0x00000000]
                 [   0x00000000]
                 [   0x00000000]
                 -------------
 75  (0x34778790)  [00|00|   76]
                 [   0x00000000]
                 [   0x00000000]
                 [   0x00000000]
                 -------------
 76  (0x347787a0)  [00|b7|   77]
                 [   0x34772fb8]
                 [   0x00000000]
                 [   0x00000007]
                 -------------
 77  (0x347787b0)  [00|00|   78]
                 [   0x00000000]
                 [   0x00000000]
                 [   0x00000000]
                 -------------
 78  (0x347787c0)  [00|00|   79]
                 [   0x00000000]
                 [   0x00000000]
                 [   0x00000000]
                 -------------
 79  (0x347787d0)  [00|00|   80]
                 [   0x00000000]
                 [   0x00000000]
                 [   0x00000000]
                 -------------
 80  (0x347787e0)  [00|00|   81]
                 [   0x00000000]
                 [   0x00000000]
                 [   0x00000000]
                 -------------
 81  (0x347787f0)  [00|00|   82]
                 [   0x00000000]
                 [   0x00000000]
                 [   0x00000000]
                 -------------
 82  (0x34778800)  [00|00|   83]
                 [   0x00000000]
                 [   0x00000000]
                 [   0x00000000]
                 -------------
 83  (0x34778810)  [00|00|   84]
                 [   0x00000000]
                 [   0x00000000]
                 [   0x00000000]
                 -------------
 84  (0x34778820)  [00|00|   85]
                 [   0x00000000]
                 [   0x00000000]
                 [   0x00000000]
                 -------------
 85  (0x34778830)  [00|00|   86]
                 [   0x00000000]
                 [   0x00000000]
                 [   0x00000000]
                 -------------
 86  (0x34778840)  [00|00|   87]
                 [   0x00000000]
                 [   0x00000000]
                 [   0x00000000]
                 -------------
 87  (0x34778850)  [00|00|   88]
                 [   0x00000000]
                 [   0x00000000]
                 [   0x00000000]
                 -------------
 88  (0x34778860)  [00|00|   89]
                 [   0x00000000]
                 [   0x00000000]
                 [   0x00000000]
                 -------------
 89  (0x34778870)  [00|00|   90]
                 [   0x00000000]
                 [   0x00000000]
                 [   0x00000000]
                 -------------
 90  (0x34778880)  [00|00|   91]
                 [   0x00000000]
                 [   0x00000000]
                 [   0x00000000]
                 -------------
 91  (0x34778890)  [00|00|   92]
                 [   0x00000000]
                 [   0x00000000]
                 [   0x00000000]
                 -------------
 92  (0x347788a0)  [00|00|   93]
                 [   0x00000000]
                 [   0x00000000]
                 [   0x00000000]
                 -------------
 93  (0x347788b0)  [00|00|   94]
                 [   0x00000000]
                 [   0x00000000]
                 [   0x00000000]
                 -------------
 94  (0x347788c0)  [00|00|   95]
                 [   0x00000000]
                 [   0x00000000]
                 [   0x00000000]
                 -------------
 95  (0x347788d0)  [00|00|   96]
                 [   0x00000000]
                 [   0x00000000]
                 [   0x00000000]
                 -------------
 96  (0x347788e0)  [00|00|   97]
                 [   0x00000000]
                 [   0x00000000]
                 [   0x00000000]
                 -------------
 97  (0x347788f0)  [00|00|   98]
                 [   0x00000000]
                 [   0x00000000]
                 [   0x00000000]
                 -------------
 98  (0x34778900)  [00|b7|   99]
                 [   0x34773ab8]
                 [   0x00000000]
                 [   0x80000004]
                 -------------
 99  (0x34778910)  [00|00|  100]
                 [   0x00000000]
                 [   0x00000000]
                 [   0x00000000]
                 -------------
100  (0x34778920)  [00|00|  101]
                 [   0x00000000]
                 [   0x00000000]
                 [   0x00000000]
                 -------------
101  (0x34778930)  [00|b7|  102]
                 [   0x34773c38]
                 [   0x00000000]
                 [   0x70000003]
                 -------------
102  (0x34778940)  [00|b7|  103]
                 [   0x34773cb8]
                 [   0x00000000]
                 [   0x70000003]
                 -------------
103  (0x34778950)  [00|b7|  104]
                 [   0x34773d38]
                 [   0x00000000]
                 [   0x70000003]
                 -------------
104  (0x34778960)  [00|00|  105]
                 [   0x00000000]
                 [   0x00000000]
                 [   0x00000000]
                 -------------
105  (0x34778970)  [00|00|  106]
                 [   0x00000000]
                 [   0x00000000]
                 [   0x00000000]
                 -------------
106  (0x34778980)  [00|00|  107]
                 [   0x00000000]
                 [   0x00000000]
                 [   0x00000000]
                 -------------
107  (0x34778990)  [00|00|  108]
                 [   0x00000000]
                 [   0x00000000]
                 [   0x00000000]
                 -------------
108  (0x347789a0)  [00|00|  109]
                 [   0x00000000]
                 [   0x00000000]
                 [   0x00000000]
                 -------------
109  (0x347789b0)  [00|00|  110]
                 [   0x00000000]
                 [   0x00000000]
                 [   0x00000000]
                 -------------
110  (0x347789c0)  [00|00|  111]
                 [   0x00000000]
                 [   0x00000000]
                 [   0x00000000]
                 -------------
111  (0x347789d0)  [00|00|  112]
                 [   0x00000000]
                 [   0x00000000]
                 [   0x00000000]
                 -------------
112  (0x347789e0)  [00|00|  113]
                 [   0x00000000]
                 [   0x00000000]
                 [   0x00000000]
                 -------------
113  (0x347789f0)  [00|00|  114]
                 [   0x00000000]
                 [   0x00000000]
                 [   0x00000000]
                 -------------
114  (0x34778a00)  [00|b7|  115]
                 [   0x347742b8]
                 [   0x00000000]
                 [   0x80000006]
                 -------------
115  (0x34778a10)  [00|00|  116]
                 [   0x00000000]
                 [   0x00000000]
                 [   0x00000000]
                 -------------
116  (0x34778a20)  [00|00|  117]
                 [   0x00000000]
                 [   0x00000000]
                 [   0x00000000]
                 -------------
117  (0x34778a30)  [00|00|  118]
                 [   0x00000000]
                 [   0x00000000]
                 [   0x00000000]
                 -------------
118  (0x34778a40)  [00|00|  119]
                 [   0x00000000]
                 [   0x00000000]
                 [   0x00000000]
                 -------------
119  (0x34778a50)  [00|00|  120]
                 [   0x00000000]
                 [   0x00000000]
                 [   0x00000000]
                 -------------
120  (0x34778a60)  [00|00|  121]
                 [   0x00000000]
                 [   0x00000000]
                 [   0x00000000]
                 -------------
121  (0x34778a70)  [00|00|  122]
                 [   0x00000000]
                 [   0x00000000]
                 [   0x00000000]
                 -------------
122  (0x34778a80)  [00|00|  123]
                 [   0x00000000]
                 [   0x00000000]
                 [   0x00000000]
                 -------------
123  (0x34778a90)  [00|00|  124]
                 [   0x00000000]
                 [   0x00000000]
                 [   0x00000000]
                 -------------
124  (0x34778aa0)  [00|00|  125]
                 [   0x00000000]
                 [   0x00000000]
                 [   0x00000000]
                 -------------
125  (0x34778ab0)  [00|00|  126]
                 [   0x00000000]
                 [   0x00000000]
                 [   0x00000000]
                 -------------
126  (0x34778ac0)  [00|00|  127]
                 [   0x00000000]
                 [   0x00000000]
                 [   0x00000000]
                 -------------
127  (0x34778ad0)  [00|00|  128]
                 [   0x00000000]
                 [   0x00000000]
                 [   0x00000000]
                 -------------
128  (0x34778ae0)  [00|00|  129]
                 [   0x00000000]
                 [   0x00000000]
                 [   0x00000000]
                 -------------
129  (0x34778af0)  [00|00|  130]
                 [   0x00000000]
                 [   0x00000000]
                 [   0x00000000]
                 -------------
130  (0x34778b00)  [00|00|  131]
                 [   0x00000000]
                 [   0x00000000]
                 [   0x00000000]
                 -------------
131  (0x34778b10)  [00|00|  132]
                 [   0x00000000]
                 [   0x00000000]
                 [   0x00000000]
                 -------------
132  (0x34778b20)  [00|00|  133]
                 [   0x00000000]
                 [   0x00000000]
                 [   0x00000000]
                 -------------
133  (0x34778b30)  [00|00|  134]
                 [   0x00000000]
                 [   0x00000000]
                 [   0x00000000]
                 -------------
134  (0x34778b40)  [00|00|  135]
                 [   0x00000000]
                 [   0x00000000]
                 [   0x00000000]
                 -------------
135  (0x34778b50)  [00|00|  136]
                 [   0x00000000]
                 [   0x00000000]
                 [   0x00000000]
                 -------------
136  (0x34778b60)  [00|00|  137]
                 [   0x00000000]
                 [   0x00000000]
                 [   0x00000000]
                 -------------
137  (0x34778b70)  [00|00|  138]
                 [   0x00000000]
                 [   0x00000000]
                 [   0x00000000]
                 -------------
138  (0x34778b80)  [00|00|  139]
                 [   0x00000000]
                 [   0x00000000]
                 [   0x00000000]
                 -------------
139  (0x34778b90)  [00|00|  140]
                 [   0x00000000]
                 [   0x00000000]
                 [   0x00000000]
                 -------------
140  (0x34778ba0)  [00|00|  141]
                 [   0x00000000]
                 [   0x00000000]
                 [   0x00000000]
                 -------------
141  (0x34778bb0)  [00|00|  142]
                 [   0x00000000]
                 [   0x00000000]
                 [   0x00000000]
                 -------------
142  (0x34778bc0)  [00|00|  143]
                 [   0x00000000]
                 [   0x00000000]
                 [   0x00000000]
                 -------------
143  (0x34778bd0)  [00|00|  144]
                 [   0x00000000]
                 [   0x00000000]
                 [   0x00000000]
                 -------------
144  (0x34778be0)  [00|00|  145]
                 [   0x00000000]
                 [   0x00000000]
                 [   0x00000000]
                 -------------
145  (0x34778bf0)  [00|00|  146]
                 [   0x00000000]
                 [   0x00000000]
                 [   0x00000000]
                 -------------
146  (0x34778c00)  [00|00|  147]
                 [   0x00000000]
                 [   0x00000000]
                 [   0x00000000]
                 -------------
147  (0x34778c10)  [00|00|  148]
                 [   0x00000000]
                 [   0x00000000]
                 [   0x00000000]
                 -------------
148  (0x34778c20)  [00|00|  149]
                 [   0x00000000]
                 [   0x00000000]
                 [   0x00000000]
                 -------------
149  (0x34778c30)  [00|00|  150]
                 [   0x00000000]
                 [   0x00000000]
                 [   0x00000000]
                 -------------
150  (0x34778c40)  [00|00|  151]
                 [   0x00000000]
                 [   0x00000000]
                 [   0x00000000]
                 -------------
151  (0x34778c50)  [00|00|  152]
                 [   0x00000000]
                 [   0x00000000]
                 [   0x00000000]
                 -------------
152  (0x34778c60)  [00|00|  153]
                 [   0x00000000]
                 [   0x00000000]
                 [   0x00000000]
                 -------------
153  (0x34778c70)  [00|00|  154]
                 [   0x00000000]
                 [   0x00000000]
                 [   0x00000000]
                 -------------
154  (0x34778c80)  [00|00|  155]
                 [   0x00000000]
                 [   0x00000000]
                 [   0x00000000]
                 -------------
155  (0x34778c90)  [00|00|  156]
                 [   0x00000000]
                 [   0x00000000]
                 [   0x00000000]
                 -------------
156  (0x34778ca0)  [00|00|  157]
                 [   0x00000000]
                 [   0x00000000]
                 [   0x00000000]
                 -------------
157  (0x34778cb0)  [00|00|  158]
                 [   0x00000000]
                 [   0x00000000]
                 [   0x00000000]
                 -------------
158  (0x34778cc0)  [00|00|  159]
                 [   0x00000000]
                 [   0x00000000]
                 [   0x00000000]
                 -------------
159  (0x34778cd0)  [00|00|  160]
                 [   0x00000000]
                 [   0x00000000]
                 [   0x00000000]
                 -------------
160  (0x34778ce0)  [00|00|  161]
                 [   0x00000000]
                 [   0x00000000]
                 [   0x00000000]
                 -------------
161  (0x34778cf0)  [00|00|  162]
                 [   0x00000000]
                 [   0x00000000]
                 [   0x00000000]
                 -------------
162  (0x34778d00)  [00|00|  163]
                 [   0x00000000]
                 [   0x00000000]
                 [   0x00000000]
                 -------------
163  (0x34778d10)  [00|00|  164]
                 [   0x00000000]
                 [   0x00000000]
                 [   0x00000000]
                 -------------
164  (0x34778d20)  [00|00|  165]
                 [   0x00000000]
                 [   0x00000000]
                 [   0x00000000]
                 -------------
165  (0x34778d30)  [00|00|  166]
                 [   0x00000000]
                 [   0x00000000]
                 [   0x00000000]
                 -------------
166  (0x34778d40)  [00|00|  167]
                 [   0x00000000]
                 [   0x00000000]
                 [   0x00000000]
                 -------------
167  (0x34778d50)  [00|00|  168]
                 [   0x00000000]
                 [   0x00000000]
                 [   0x00000000]
                 -------------
168  (0x34778d60)  [00|00|  169]
                 [   0x00000000]
                 [   0x00000000]
                 [   0x00000000]
                 -------------
169  (0x34778d70)  [00|00|  170]
                 [   0x00000000]
                 [   0x00000000]
                 [   0x00000000]
                 -------------
170  (0x34778d80)  [00|00|  171]
                 [   0x00000000]
                 [   0x00000000]
                 [   0x00000000]
                 -------------
171  (0x34778d90)  [00|00|  172]
                 [   0x00000000]
                 [   0x00000000]
                 [   0x00000000]
                 -------------
172  (0x34778da0)  [00|00|  173]
                 [   0x00000000]
                 [   0x00000000]
                 [   0x00000000]
                 -------------
173  (0x34778db0)  [00|00|  174]
                 [   0x00000000]
                 [   0x00000000]
                 [   0x00000000]
                 -------------
174  (0x34778dc0)  [00|00|  175]
                 [   0x00000000]
                 [   0x00000000]
                 [   0x00000000]
                 -------------
175  (0x34778dd0)  [00|00|  176]
                 [   0x00000000]
                 [   0x00000000]
                 [   0x00000000]
                 -------------
176  (0x34778de0)  [00|00|  177]
                 [   0x00000000]
                 [   0x00000000]
                 [   0x00000000]
                 -------------
177  (0x34778df0)  [00|00|  178]
                 [   0x00000000]
                 [   0x00000000]
                 [   0x00000000]
                 -------------
178  (0x34778e00)  [00|00|  179]
                 [   0x00000000]
                 [   0x00000000]
                 [   0x00000000]
                 -------------
179  (0x34778e10)  [00|00|  180]
                 [   0x00000000]
                 [   0x00000000]
                 [   0x00000000]
                 -------------
180  (0x34778e20)  [00|00|  181]
                 [   0x00000000]
                 [   0x00000000]
                 [   0x00000000]
                 -------------
181  (0x34778e30)  [00|00|  182]
                 [   0x00000000]
                 [   0x00000000]
                 [   0x00000000]
                 -------------
182  (0x34778e40)  [00|00|  183]
                 [   0x00000000]
                 [   0x00000000]
                 [   0x00000000]
                 -------------
183  (0x34778e50)  [00|00|  184]
                 [   0x00000000]
                 [   0x00000000]
                 [   0x00000000]
                 -------------
184  (0x34778e60)  [00|00|  185]
                 [   0x00000000]
                 [   0x00000000]
                 [   0x00000000]
                 -------------
185  (0x34778e70)  [00|00|  186]
                 [   0x00000000]
                 [   0x00000000]
                 [   0x00000000]
                 -------------
186  (0x34778e80)  [00|00|  187]
                 [   0x00000000]
                 [   0x00000000]
                 [   0x00000000]
                 -------------
187  (0x34778e90)  [00|00|  188]
                 [   0x00000000]
                 [   0x00000000]
                 [   0x00000000]
                 -------------
188  (0x34778ea0)  [00|00|  189]
                 [   0x00000000]
                 [   0x00000000]
                 [   0x00000000]
                 -------------
189  (0x34778eb0)  [00|00|  190]
                 [   0x00000000]
                 [   0x00000000]
                 [   0x00000000]
                 -------------
190  (0x34778ec0)  [00|00|  191]
                 [   0x00000000]
                 [   0x00000000]
                 [   0x00000000]
                 -------------
191  (0x34778ed0)  [00|00|  192]
                 [   0x00000000]
                 [   0x00000000]
                 [   0x00000000]
                 -------------
192  (0x34778ee0)  [00|00|  193]
                 [   0x00000000]
                 [   0x00000000]
                 [   0x00000000]
                 -------------
193  (0x34778ef0)  [00|00|  194]
                 [   0x00000000]
                 [   0x00000000]
                 [   0x00000000]
                 -------------
194  (0x34778f00)  [00|00|  195]
                 [   0x00000000]
                 [   0x00000000]
                 [   0x00000000]
                 -------------
195  (0x34778f10)  [00|00|  196]
                 [   0x00000000]
                 [   0x00000000]
                 [   0x00000000]
                 -------------
196  (0x34778f20)  [00|00|  197]
                 [   0x00000000]
                 [   0x00000000]
                 [   0x00000000]
                 -------------
197  (0x34778f30)  [00|00|  198]
                 [   0x00000000]
                 [   0x00000000]
                 [   0x00000000]
                 -------------
198  (0x34778f40)  [00|00|  199]
                 [   0x00000000]
                 [   0x00000000]
                 [   0x00000000]
                 -------------
199  (0x34778f50)  [00|00|  200]
                 [   0x00000000]
                 [   0x00000000]
                 [   0x00000000]
                 -------------
200  (0x34778f60)  [00|00|  201]
                 [   0x00000000]
                 [   0x00000000]
                 [   0x00000000]
                 -------------
201  (0x34778f70)  [00|00|  202]
                 [   0x00000000]
                 [   0x00000000]
                 [   0x00000000]
                 -------------
202  (0x34778f80)  [00|00|  203]
                 [   0x00000000]
                 [   0x00000000]
                 [   0x00000000]
                 -------------
203  (0x34778f90)  [00|00|  204]
                 [   0x00000000]
                 [   0x00000000]
                 [   0x00000000]
                 -------------
204  (0x34778fa0)  [00|00|  205]
                 [   0x00000000]
                 [   0x00000000]
                 [   0x00000000]
                 -------------
205  (0x34778fb0)  [00|00|  206]
                 [   0x00000000]
                 [   0x00000000]
                 [   0x00000000]
                 -------------
206  (0x34778fc0)  [00|00|  207]
                 [   0x00000000]
                 [   0x00000000]
                 [   0x00000000]
                 -------------
207  (0x34778fd0)  [00|00|  208]
                 [   0x00000000]
                 [   0x00000000]
                 [   0x00000000]
                 -------------
208  (0x34778fe0)  [00|00|  209]
                 [   0x00000000]
                 [   0x00000000]
                 [   0x00000000]
                 -------------
209  (0x34778ff0)  [00|00|  210]
                 [   0x00000000]
                 [   0x00000000]
                 [   0x00000000]
                 -------------
210  (0x34779000)  [00|00|  211]
                 [   0x00000000]
                 [   0x00000000]
                 [   0x00000000]
                 -------------
211  (0x34779010)  [00|00|  212]
                 [   0x00000000]
                 [   0x00000000]
                 [   0x00000000]
                 -------------
212  (0x34779020)  [00|00|  213]
                 [   0x00000000]
                 [   0x00000000]
                 [   0x00000000]
                 -------------
213  (0x34779030)  [00|00|  214]
                 [   0x00000000]
                 [   0x00000000]
                 [   0x00000000]
                 -------------
214  (0x34779040)  [00|00|  215]
                 [   0x00000000]
                 [   0x00000000]
                 [   0x00000000]
                 -------------
215  (0x34779050)  [00|00|  216]
                 [   0x00000000]
                 [   0x00000000]
                 [   0x00000000]
                 -------------
216  (0x34779060)  [00|00|  217]
                 [   0x00000000]
                 [   0x00000000]
                 [   0x00000000]
                 -------------
217  (0x34779070)  [00|00|  218]
                 [   0x00000000]
                 [   0x00000000]
                 [   0x00000000]
                 -------------
218  (0x34779080)  [00|00|  219]
                 [   0x00000000]
                 [   0x00000000]
                 [   0x00000000]
                 -------------
219  (0x34779090)  [00|00|  220]
                 [   0x00000000]
                 [   0x00000000]
                 [   0x00000000]
                 -------------
220  (0x347790a0)  [00|00|  221]
                 [   0x00000000]
                 [   0x00000000]
                 [   0x00000000]
                 -------------
221  (0x347790b0)  [00|00|  222]
                 [   0x00000000]
                 [   0x00000000]
                 [   0x00000000]
                 -------------
222  (0x347790c0)  [00|00|  223]
                 [   0x00000000]
                 [   0x00000000]
                 [   0x00000000]
                 -------------
223  (0x347790d0)  [00|00|  224]
                 [   0x00000000]
                 [   0x00000000]
                 [   0x00000000]
                 -------------
224  (0x347790e0)  [00|00|  225]
                 [   0x00000000]
                 [   0x00000000]
                 [   0x00000000]
                 -------------
225  (0x347790f0)  [00|b7|  226]
                 [   0x39110188]
                 [   0x00000000]
                 [   0x80000001]
                 -------------
226  (0x34779100)  [b3|b2|  227]
                 [   0x29c649a8]
                 [   0x00000070]
                 [   0x74000000]
                 -------------
227  (0x34779110)  [00|b8|  228]
                 [   0x3914b370]
                 [   0x00000000]
                 [   0x70400002]
                 -------------
228  (0x34779120)  [00|b9|  229]
                 [   0x3912a8c8]
                 [   0x00000002]
                 [   0x70000002]
                 -------------
229  (0x34779130)  [00|b7|  231]
                 [   0x347708f0]
                 [   0x00000000]
                 [   0x80000003]
                 -------------
230  (0x34779140)  [00|b9|  232]
                 [   0x3912a8c8]
                 [   0x00000006]
                 [   0x70000003]
                 -------------
231  (0x34779150)  [00|b7|  234]
                 [   0x39151bd8]
                 [   0x00000000]
                 [   0x80000001]
                 -------------
ESP=0x00a8e048 is pointing into the stack for thread: 0x0018d000
EBP=0x00a8e078 is pointing into the stack for thread: 0x0018d000
ESI=0x00000000 is an unknown value
EDI=0x7efda000 is an unknown value


Stack: [0x00a40000,0x00a90000],  sp=0x00a8e048,  free space=312k
Native frames: (J=compiled Java code, j=interpreted, Vv=VM code, C=native code)
C  [ntdll.dll+0x39137]
C  [bwapi_bridge2_5.dll+0x23f07]
j  bwapi.Game.self_native(J)Lbwapi/Player;+0
j  bwapi.Game.self()Lbwapi/Player;+5
j  TestBot1.onStart()V+16
j  bwapi.AIModule.onStart()V+11
v  ~StubRoutines::call_stub
V  [jvm.dll+0x13f25a]
V  [jvm.dll+0x202c1e]
V  [jvm.dll+0x13f2dd]
V  [jvm.dll+0xc9b22]
V  [jvm.dll+0xcd773]
C  [bwapi_bridge2_5.dll+0x1b20d]
C  [bwapi_bridge2_5.dll+0x750d3]
j  bwapi.Mirror.startGame()V+0
j  TestBot1.run()V+15
j  TestBot1.main([Ljava/lang/String;)V+7
v  ~StubRoutines::call_stub
V  [jvm.dll+0x13f25a]
V  [jvm.dll+0x202c1e]
V  [jvm.dll+0x13f2dd]
V  [jvm.dll+0xc98a5]
V  [jvm.dll+0xd4567]
C  [java.exe+0x2063]
C  [java.exe+0xa591]
C  [java.exe+0xa61b]
C  [kernel32.dll+0x1336a]
C  [ntdll.dll+0x39902]
C  [ntdll.dll+0x398d5]

Java frames: (J=compiled Java code, j=interpreted, Vv=VM code)
j  bwapi.Game.self_native(J)Lbwapi/Player;+0
j  bwapi.Game.self()Lbwapi/Player;+5
j  TestBot1.onStart()V+16
j  bwapi.AIModule.onStart()V+11
v  ~StubRoutines::call_stub
j  bwapi.Mirror.startGame()V+0
j  TestBot1.run()V+15
j  TestBot1.main([Ljava/lang/String;)V+7
v  ~StubRoutines::call_stub

---------------  P R O C E S S  ---------------

Java Threads: ( => current thread )
  0x009be800 JavaThread "Service Thread" daemon [_thread_blocked, id=6776, stack(0x04a90000,0x04ae0000)]
  0x009bd000 JavaThread "C1 CompilerThread0" daemon [_thread_blocked, id=3016, stack(0x049f0000,0x04a40000)]
  0x00988400 JavaThread "Attach Listener" daemon [_thread_blocked, id=3548, stack(0x048b0000,0x04900000)]
  0x00985000 JavaThread "Signal Dispatcher" daemon [_thread_blocked, id=1836, stack(0x04680000,0x046d0000)]
  0x00910800 JavaThread "Finalizer" daemon [_thread_blocked, id=4344, stack(0x04460000,0x044b0000)]
  0x0090f000 JavaThread "Reference Handler" daemon [_thread_blocked, id=4412, stack(0x045c0000,0x04610000)]
=>0x0018d000 JavaThread "main" [_thread_in_native, id=4368, stack(0x00a40000,0x00a90000)]

Other Threads:
  0x0090d800 VMThread [stack: 0x044e0000,0x04530000] [id=6108]
  0x04b00800 WatcherThread [stack: 0x050f0000,0x05140000] [id=5732]

VM state:not at safepoint (normal execution)

VM Mutex/Monitor currently owned by a thread: None

Heap
 def new generation   total 4928K, used 3427K [0x24710000, 0x24c60000, 0x29c60000)
  eden space 4416K,  77% used [0x24710000, 0x24a68ab0, 0x24b60000)
  from space 512K,   0% used [0x24be0000, 0x24be0260, 0x24c60000)
  to   space 512K,   0% used [0x24b60000, 0x24b60000, 0x24be0000)
 tenured generation   total 10944K, used 347K [0x29c60000, 0x2a710000, 0x34710000)
   the space 10944K,   3% used [0x29c60000, 0x29cb6c28, 0x29cb6e00, 0x2a710000)
 compacting perm gen  total 12288K, used 639K [0x34710000, 0x35310000, 0x38710000)
   the space 12288K,   5% used [0x34710000, 0x347affd8, 0x347b0000, 0x35310000)
    ro space 10240K,  44% used [0x38710000, 0x38b88300, 0x38b88400, 0x39110000)
    rw space 12288K,  52% used [0x39110000, 0x3975f100, 0x3975f200, 0x39d10000)

Card table byte_map: [0x00340000,0x003f0000] byte_map_base: 0x0021c780

Polling page: 0x00170000

Code Cache  [0x02330000, 0x023e8000, 0x04330000)
 total_blobs=275 nmethods=136 adapters=76 free_code_cache=32052Kb largest_free_block=32821248

Compilation events (10 events):
Event: 24.674 Thread 0x009bd000  126             Tiles.BuildLocationSelector::getBuildTile (358 bytes)
Event: 24.675 Thread 0x009bd000 nmethod 126 0x023df708 code [0x023df990, 0x023e01e0]
Event: 24.676 Thread 0x009bd000  127             bwapi.TilePosition::getX (5 bytes)
Event: 24.676 Thread 0x009bd000 nmethod 127 0x023e0ec8 code [0x023e0fc0, 0x023e1040]
Event: 31.635 Thread 0x009bd000  129             bwapi.TilePosition::getY (5 bytes)
Event: 31.635 Thread 0x009bd000 nmethod 129 0x023e1308 code [0x023e1400, 0x023e1480]
Event: 57.045 Thread 0x009bd000  132             OrderAction.UnitCommand::SendAttack (110 bytes)
Event: 57.045 Thread 0x009bd000 nmethod 132 0x023e1a88 code [0x023e1c60, 0x023e1f68]
Event: 57.172 Thread 0x009bd000  135             bwapi.Position::<init> (15 bytes)
Event: 57.172 Thread 0x009bd000 nmethod 135 0x023e2bc8 code [0x023e2cc0, 0x023e2d40]

GC Heap History (10 events):
Event: 2483.931 GC heap before
{Heap before GC invocations=1352 (full 0):
 def new generation   total 4928K, used 4416K [0x24710000, 0x24c60000, 0x29c60000)
  eden space 4416K, 100% used [0x24710000, 0x24b60000, 0x24b60000)
  from space 512K,   0% used [0x24b60000, 0x24b60180, 0x24be0000)
  to   space 512K,   0% used [0x24be0000, 0x24be0000, 0x24c60000)
 tenured generation   total 10944K, used 347K [0x29c60000, 0x2a710000, 0x34710000)
   the space 10944K,   3% used [0x29c60000, 0x29cb6c28, 0x29cb6e00, 0x2a710000)
 compacting perm gen  total 12288K, used 639K [0x34710000, 0x35310000, 0x38710000)
   the space 12288K,   5% used [0x34710000, 0x347affd8, 0x347b0000, 0x35310000)
    ro space 10240K,  44% used [0x38710000, 0x38b88300, 0x38b88400, 0x39110000)
    rw space 12288K,  52% used [0x39110000, 0x3975f100, 0x3975f200, 0x39d10000)
Event: 2483.931 GC heap after
Heap after GC invocations=1353 (full 0):
 def new generation   total 4928K, used 0K [0x24710000, 0x24c60000, 0x29c60000)
  eden space 4416K,   0% used [0x24710000, 0x24710000, 0x24b60000)
  from space 512K,   0% used [0x24be0000, 0x24be0280, 0x24c60000)
  to   space 512K,   0% used [0x24b60000, 0x24b60000, 0x24be0000)
 tenured generation   total 10944K, used 347K [0x29c60000, 0x2a710000, 0x34710000)
   the space 10944K,   3% used [0x29c60000, 0x29cb6c28, 0x29cb6e00, 0x2a710000)
 compacting perm gen  total 12288K, used 639K [0x34710000, 0x35310000, 0x38710000)
   the space 12288K,   5% used [0x34710000, 0x347affd8, 0x347b0000, 0x35310000)
    ro space 10240K,  44% used [0x38710000, 0x38b88300, 0x38b88400, 0x39110000)
    rw space 12288K,  52% used [0x39110000, 0x3975f100, 0x3975f200, 0x39d10000)
}
Event: 2484.062 GC heap before
{Heap before GC invocations=1353 (full 0):
 def new generation   total 4928K, used 4416K [0x24710000, 0x24c60000, 0x29c60000)
  eden space 4416K, 100% used [0x24710000, 0x24b60000, 0x24b60000)
  from space 512K,   0% used [0x24be0000, 0x24be0280, 0x24c60000)
  to   space 512K,   0% used [0x24b60000, 0x24b60000, 0x24be0000)
 tenured generation   total 10944K, used 347K [0x29c60000, 0x2a710000, 0x34710000)
   the space 10944K,   3% used [0x29c60000, 0x29cb6c28, 0x29cb6e00, 0x2a710000)
 compacting perm gen  total 12288K, used 639K [0x34710000, 0x35310000, 0x38710000)
   the space 12288K,   5% used [0x34710000, 0x347affd8, 0x347b0000, 0x35310000)
    ro space 10240K,  44% used [0x38710000, 0x38b88300, 0x38b88400, 0x39110000)
    rw space 12288K,  52% used [0x39110000, 0x3975f100, 0x3975f200, 0x39d10000)
Event: 2484.062 GC heap after
Heap after GC invocations=1354 (full 0):
 def new generation   total 4928K, used 0K [0x24710000, 0x24c60000, 0x29c60000)
  eden space 4416K,   0% used [0x24710000, 0x24710000, 0x24b60000)
  from space 512K,   0% used [0x24b60000, 0x24b602a8, 0x24be0000)
  to   space 512K,   0% used [0x24be0000, 0x24be0000, 0x24c60000)
 tenured generation   total 10944K, used 347K [0x29c60000, 0x2a710000, 0x34710000)
   the space 10944K,   3% used [0x29c60000, 0x29cb6c28, 0x29cb6e00, 0x2a710000)
 compacting perm gen  total 12288K, used 639K [0x34710000, 0x35310000, 0x38710000)
   the space 12288K,   5% used [0x34710000, 0x347affd8, 0x347b0000, 0x35310000)
    ro space 10240K,  44% used [0x38710000, 0x38b88300, 0x38b88400, 0x39110000)
    rw space 12288K,  52% used [0x39110000, 0x3975f100, 0x3975f200, 0x39d10000)
}
Event: 2484.189 GC heap before
{Heap before GC invocations=1354 (full 0):
 def new generation   total 4928K, used 4416K [0x24710000, 0x24c60000, 0x29c60000)
  eden space 4416K, 100% used [0x24710000, 0x24b60000, 0x24b60000)
  from space 512K,   0% used [0x24b60000, 0x24b602a8, 0x24be0000)
  to   space 512K,   0% used [0x24be0000, 0x24be0000, 0x24c60000)
 tenured generation   total 10944K, used 347K [0x29c60000, 0x2a710000, 0x34710000)
   the space 10944K,   3% used [0x29c60000, 0x29cb6c28, 0x29cb6e00, 0x2a710000)
 compacting perm gen  total 12288K, used 639K [0x34710000, 0x35310000, 0x38710000)
   the space 12288K,   5% used [0x34710000, 0x347affd8, 0x347b0000, 0x35310000)
    ro space 10240K,  44% used [0x38710000, 0x38b88300, 0x38b88400, 0x39110000)
    rw space 12288K,  52% used [0x39110000, 0x3975f100, 0x3975f200, 0x39d10000)
Event: 2484.189 GC heap after
Heap after GC invocations=1355 (full 0):
 def new generation   total 4928K, used 0K [0x24710000, 0x24c60000, 0x29c60000)
  eden space 4416K,   0% used [0x24710000, 0x24710000, 0x24b60000)
  from space 512K,   0% used [0x24be0000, 0x24be0250, 0x24c60000)
  to   space 512K,   0% used [0x24b60000, 0x24b60000, 0x24be0000)
 tenured generation   total 10944K, used 347K [0x29c60000, 0x2a710000, 0x34710000)
   the space 10944K,   3% used [0x29c60000, 0x29cb6c28, 0x29cb6e00, 0x2a710000)
 compacting perm gen  total 12288K, used 639K [0x34710000, 0x35310000, 0x38710000)
   the space 12288K,   5% used [0x34710000, 0x347affd8, 0x347b0000, 0x35310000)
    ro space 10240K,  44% used [0x38710000, 0x38b88300, 0x38b88400, 0x39110000)
    rw space 12288K,  52% used [0x39110000, 0x3975f100, 0x3975f200, 0x39d10000)
}
Event: 2484.313 GC heap before
{Heap before GC invocations=1355 (full 0):
 def new generation   total 4928K, used 4416K [0x24710000, 0x24c60000, 0x29c60000)
  eden space 4416K, 100% used [0x24710000, 0x24b60000, 0x24b60000)
  from space 512K,   0% used [0x24be0000, 0x24be0250, 0x24c60000)
  to   space 512K,   0% used [0x24b60000, 0x24b60000, 0x24be0000)
 tenured generation   total 10944K, used 347K [0x29c60000, 0x2a710000, 0x34710000)
   the space 10944K,   3% used [0x29c60000, 0x29cb6c28, 0x29cb6e00, 0x2a710000)
 compacting perm gen  total 12288K, used 639K [0x34710000, 0x35310000, 0x38710000)
   the space 12288K,   5% used [0x34710000, 0x347affd8, 0x347b0000, 0x35310000)
    ro space 10240K,  44% used [0x38710000, 0x38b88300, 0x38b88400, 0x39110000)
    rw space 12288K,  52% used [0x39110000, 0x3975f100, 0x3975f200, 0x39d10000)
Event: 2484.313 GC heap after
Heap after GC invocations=1356 (full 0):
 def new generation   total 4928K, used 0K [0x24710000, 0x24c60000, 0x29c60000)
  eden space 4416K,   0% used [0x24710000, 0x24710000, 0x24b60000)
  from space 512K,   0% used [0x24b60000, 0x24b60250, 0x24be0000)
  to   space 512K,   0% used [0x24be0000, 0x24be0000, 0x24c60000)
 tenured generation   total 10944K, used 347K [0x29c60000, 0x2a710000, 0x34710000)
   the space 10944K,   3% used [0x29c60000, 0x29cb6c28, 0x29cb6e00, 0x2a710000)
 compacting perm gen  total 12288K, used 639K [0x34710000, 0x35310000, 0x38710000)
   the space 12288K,   5% used [0x34710000, 0x347affd8, 0x347b0000, 0x35310000)
    ro space 10240K,  44% used [0x38710000, 0x38b88300, 0x38b88400, 0x39110000)
    rw space 12288K,  52% used [0x39110000, 0x3975f100, 0x3975f200, 0x39d10000)
}
Event: 2484.433 GC heap before
{Heap before GC invocations=1356 (full 0):
 def new generation   total 4928K, used 4416K [0x24710000, 0x24c60000, 0x29c60000)
  eden space 4416K, 100% used [0x24710000, 0x24b60000, 0x24b60000)
  from space 512K,   0% used [0x24b60000, 0x24b60250, 0x24be0000)
  to   space 512K,   0% used [0x24be0000, 0x24be0000, 0x24c60000)
 tenured generation   total 10944K, used 347K [0x29c60000, 0x2a710000, 0x34710000)
   the space 10944K,   3% used [0x29c60000, 0x29cb6c28, 0x29cb6e00, 0x2a710000)
 compacting perm gen  total 12288K, used 639K [0x34710000, 0x35310000, 0x38710000)
   the space 12288K,   5% used [0x34710000, 0x347affd8, 0x347b0000, 0x35310000)
    ro space 10240K,  44% used [0x38710000, 0x38b88300, 0x38b88400, 0x39110000)
    rw space 12288K,  52% used [0x39110000, 0x3975f100, 0x3975f200, 0x39d10000)
Event: 2484.433 GC heap after
Heap after GC invocations=1357 (full 0):
 def new generation   total 4928K, used 0K [0x24710000, 0x24c60000, 0x29c60000)
  eden space 4416K,   0% used [0x24710000, 0x24710000, 0x24b60000)
  from space 512K,   0% used [0x24be0000, 0x24be0260, 0x24c60000)
  to   space 512K,   0% used [0x24b60000, 0x24b60000, 0x24be0000)
 tenured generation   total 10944K, used 347K [0x29c60000, 0x2a710000, 0x34710000)
   the space 10944K,   3% used [0x29c60000, 0x29cb6c28, 0x29cb6e00, 0x2a710000)
 compacting perm gen  total 12288K, used 639K [0x34710000, 0x35310000, 0x38710000)
   the space 12288K,   5% used [0x34710000, 0x347affd8, 0x347b0000, 0x35310000)
    ro space 10240K,  44% used [0x38710000, 0x38b88300, 0x38b88400, 0x39110000)
    rw space 12288K,  52% used [0x39110000, 0x3975f100, 0x3975f200, 0x39d10000)
}

Deoptimization events (0 events):
No events

Internal exceptions (10 events):
Event: 2669.405 Thread 0x0018d000 Implicit null exception at 0x023cce20 to 0x023ccf49
Event: 2669.405 Thread 0x0018d000 Threw 0x24a58698 at C:\re\jdk7u55\869\hotspot\src\share\vm\runtime\sharedRuntime.cpp:591
Event: 2669.423 Thread 0x0018d000 Implicit null exception at 0x023cce20 to 0x023ccf49
Event: 2669.423 Thread 0x0018d000 Threw 0x24a58d10 at C:\re\jdk7u55\869\hotspot\src\share\vm\runtime\sharedRuntime.cpp:591
Event: 2669.424 Thread 0x0018d000 Implicit null exception at 0x023cce20 to 0x023ccf49
Event: 2669.424 Thread 0x0018d000 Threw 0x24a59388 at C:\re\jdk7u55\869\hotspot\src\share\vm\runtime\sharedRuntime.cpp:591
Event: 2669.424 Thread 0x0018d000 Implicit null exception at 0x023cce20 to 0x023ccf49
Event: 2669.424 Thread 0x0018d000 Threw 0x24a59a00 at C:\re\jdk7u55\869\hotspot\src\share\vm\runtime\sharedRuntime.cpp:591
Event: 2669.510 Thread 0x0018d000 Implicit null exception at 0x023cce20 to 0x023ccf49
Event: 2669.510 Thread 0x0018d000 Threw 0x24a5a078 at C:\re\jdk7u55\869\hotspot\src\share\vm\runtime\sharedRuntime.cpp:591

Events (10 events):
Event: 2483.931 Executing VM operation: GenCollectForAllocation
Event: 2483.931 Executing VM operation: GenCollectForAllocation done
Event: 2484.062 Executing VM operation: GenCollectForAllocation
Event: 2484.062 Executing VM operation: GenCollectForAllocation done
Event: 2484.189 Executing VM operation: GenCollectForAllocation
Event: 2484.189 Executing VM operation: GenCollectForAllocation done
Event: 2484.313 Executing VM operation: GenCollectForAllocation
Event: 2484.313 Executing VM operation: GenCollectForAllocation done
Event: 2484.433 Executing VM operation: GenCollectForAllocation
Event: 2484.433 Executing VM operation: GenCollectForAllocation done


Dynamic libraries:
0x00af0000 - 0x00b1f000 	C:\Program Files (x86)\Java\jdk1.7.0_55\bin\java.exe
0x77c70000 - 0x77df0000 	C:\Windows\SysWOW64\ntdll.dll
0x77720000 - 0x77830000 	C:\Windows\syswow64\kernel32.dll
0x73c30000 - 0x73c5f000 	C:\Program Files (x86)\AVG\Antivirus\aswhookx.dll
0x771c0000 - 0x77207000 	C:\Windows\syswow64\KERNELBASE.dll
0x77520000 - 0x775c1000 	C:\Windows\syswow64\ADVAPI32.dll
0x77110000 - 0x771bc000 	C:\Windows\syswow64\msvcrt.dll
0x77220000 - 0x77239000 	C:\Windows\SysWOW64\sechost.dll
0x764a0000 - 0x76590000 	C:\Windows\syswow64\RPCRT4.dll
0x75510000 - 0x75570000 	C:\Windows\syswow64\SspiCli.dll
0x75500000 - 0x7550c000 	C:\Windows\syswow64\CRYPTBASE.dll
0x76930000 - 0x76a30000 	C:\Windows\syswow64\USER32.dll
0x77240000 - 0x772d0000 	C:\Windows\syswow64\GDI32.dll
0x77360000 - 0x7736a000 	C:\Windows\syswow64\LPK.dll
0x765a0000 - 0x7663d000 	C:\Windows\syswow64\USP10.dll
0x6ca80000 - 0x6cc1e000 	C:\Windows\WinSxS\x86_microsoft.windows.common-controls_6595b64144ccf1df_6.0.7601.18837_none_41e855142bd5705d\COMCTL32.dll
0x772d0000 - 0x77327000 	C:\Windows\syswow64\SHLWAPI.dll
0x76640000 - 0x766a0000 	C:\Windows\system32\IMM32.DLL
0x76d90000 - 0x76e5d000 	C:\Windows\syswow64\MSCTF.dll
0x78950000 - 0x78a0f000 	C:\Program Files (x86)\Java\jdk1.7.0_55\jre\bin\msvcr100.dll
0x6de20000 - 0x6e1a0000 	C:\Program Files (x86)\Java\jdk1.7.0_55\jre\bin\client\jvm.dll
0x74f40000 - 0x74f47000 	C:\Windows\system32\WSOCK32.dll
0x775d0000 - 0x77605000 	C:\Windows\syswow64\WS2_32.dll
0x75570000 - 0x75576000 	C:\Windows\syswow64\NSI.dll
0x631c0000 - 0x631f2000 	C:\Windows\system32\WINMM.dll
0x77100000 - 0x77105000 	C:\Windows\syswow64\PSAPI.DLL
0x6e6c0000 - 0x6e6cc000 	C:\Program Files (x86)\Java\jdk1.7.0_55\jre\bin\verify.dll
0x6c8e0000 - 0x6c900000 	C:\Program Files (x86)\Java\jdk1.7.0_55\jre\bin\java.dll
0x6c880000 - 0x6c8a0000 	C:\Program Files (x86)\Java\jdk1.7.0_55\jre\bin\instrument.dll
0x00260000 - 0x00273000 	C:\Program Files (x86)\Java\jdk1.7.0_55\jre\bin\zip.dll
0x0fb70000 - 0x0fb86000 	E:\IntelliJ IDEA Community Edition 2017.1.2\bin\breakgen.dll
0x6dd30000 - 0x6dd44000 	C:\Program Files (x86)\Java\jdk1.7.0_55\jre\bin\net.dll
0x72230000 - 0x7226c000 	C:\Windows\system32\mswsock.dll
0x72180000 - 0x72186000 	C:\Windows\System32\wship6.dll
0x0f0d0000 - 0x0f356000 	E:\JavaBot\bwapi_bridge2_5.dll
0x6acc0000 - 0x6ad27000 	E:\JavaBot\libgmp-10.dll
0x6f540000 - 0x6f59e000 	E:\JavaBot\libmpfr-4.dll
0x0fda0000 - 0x0fe11000 	C:\Windows\system32\MSVCP120.dll
0x0f6e0000 - 0x0f7ce000 	C:\Windows\system32\MSVCR120.dll
0x735c0000 - 0x736ab000 	C:\Windows\system32\dbghelp.dll

VM Arguments:
jvm_args: -javaagent:E:\IntelliJ IDEA Community Edition 2017.1.2\lib\idea_rt.jar=49767:E:\IntelliJ IDEA Community Edition 2017.1.2\bin -Dfile.encoding=UTF-8 
java_command: TestBot1
Launcher Type: SUN_STANDARD

Environment Variables:
PATH=C:\ProgramData\Oracle\Java\javapath;C:\Program Files (x86)\Intel\iCLS Client\;C:\Program Files\Intel\iCLS Client\;C:\Windows\system32;C:\Windows;C:\Windows\System32\Wbem;C:\Windows\System32\WindowsPowerShell\v1.0\;C:\Program Files (x86)\Intel\Intel(R) Management Engine Components\DAL;C:\Program Files\Intel\Intel(R) Management Engine Components\DAL;C:\Program Files (x86)\Intel\Intel(R) Management Engine Components\IPT;C:\Program Files\Intel\Intel(R) Management Engine Components\IPT;E:\Program Files\Microsoft SQL Server\120\Tools\Binn\;E:\Program Files\Microsoft SQL Server\130\Tools\Binn\;E:\Program Files\Microsoft SQL Server\Client SDK\ODBC\110\Tools\Binn\;C:\Program Files (x86)\Microsoft SQL Server\120\Tools\Binn\ManagementStudio\;C:\Program Files (x86)\Microsoft SQL Server\120\Tools\Binn\;C:\Program Files (x86)\Microsoft SQL Server\120\DTS\Binn\;E:\Program Files\Microsoft SQL Server\120\DTS\Binn\;C:\Program Files (x86)\ATI Technologies\ATI.ACE\Core-Static;C:\Program Files (x86)\Windows Kits\10\Windows Performance Toolkit\;E:\Node\;E:\Program Files\Git\cmd;C:\Program Files (x86)\Skype\Phone\;C:\Users\Christian\.dnx\bin;C:\Users\Christian\AppData\Roaming\npm;E:\Program Files\Docker Toolbox
USERNAME=Christian
OS=Windows_NT
PROCESSOR_IDENTIFIER=Intel64 Family 6 Model 94 Stepping 3, GenuineIntel



---------------  S Y S T E M  ---------------

OS: Windows 7 , 64 bit Build 7601 Service Pack 1

CPU:total 4 (4 cores per cpu, 1 threads per core) family 6 model 94 stepping 3, cmov, cx8, fxsr, mmx, sse, sse2, sse3, ssse3, sse4.1, sse4.2, popcnt, avx, avx2, aes, erms, tsc, tscinvbit

Memory: 4k page, physical 16777216k(11921768k free), swap 33552572k(27798400k free)

vm_info: Java HotSpot(TM) Client VM (24.55-b03) for windows-x86 JRE (1.7.0_55-b13), built on Mar 17 2014 20:01:11 by "java_re" with unknown MS VC++:1600

time: Sun May 07 19:55:19 2017
elapsed time: 2884 seconds

