#
# A fatal error has been detected by the Java Runtime Environment:
#
#  EXCEPTION_ACCESS_VIOLATION (0xc0000005) at pc=0x00007d20, pid=7320, tid=5772
#
# JRE version: Java(TM) SE Runtime Environment (7.0_55-b13) (build 1.7.0_55-b13)
# Java VM: Java HotSpot(TM) Client VM (24.55-b03 mixed mode, sharing windows-x86 )
# Problematic frame:
# C  0x00007d20
#
# Failed to write core dump. Minidumps are not enabled by default on client versions of Windows
#
# If you would like to submit a bug report, please visit:
#   http://bugreport.sun.com/bugreport/crash.jsp
# The crash happened outside the Java Virtual Machine in native code.
# See problematic frame for where to report the bug.
#

---------------  T H R E A D  ---------------

Current thread (0x0095d000):  JavaThread "main" [_thread_in_native, id=5772, stack(0x00250000,0x002a0000)]

siginfo: ExceptionCode=0xc0000005, ExceptionInformation=0x00000008 0x00007d20

Registers:
EAX=0x007e6ed0, EBX=0x34773d70, ECX=0x007deb48, EDX=0x34778408
ESP=0x0029e02c, EBP=0x0029e048, ESI=0x34773d70, EDI=0x0095d000
EIP=0x00007d20, EFLAGS=0x00010216

Top of Stack: (sp=0x0029e02c)
0x0029e02c:   0f9e3f07 0095d000 34773d70 34773d70
0x0029e03c:   007f3ac0 0076a4d0 0002002a 0029e090
0x0029e04c:   0279a9dd 0095d130 0029e0a8 007deb48
0x0029e05c:   0095d000 000000d2 0029e070 0f28ed29
0x0029e06c:   00000007 0029e070 00000000 0029e0a8
0x0029e07c:   34778408 00000000 34773d70 00000000
0x0029e08c:   0029e0a0 0029e0cc 0279339a 00000000
0x0029e09c:   027988e6 007deb48 0095d000 248c2288 

Instructions: (pc=0x00007d20)
0x00007d00:   
[error occurred during error reporting (printing registers, top of stack, instructions near pc), id 0xc0000005]

Register to memory mapping:

EAX=0x007e6ed0 is an unknown value
EBX=0x34773d70 is an oop
{method} 
 - klass: {other class}
ECX=0x007deb48 is an unknown value
EDX=0x34778408 is an oop
{constant pool cache} 
 - klass: {other class}
                 -------------
  0  (0x34778418)  [b5|b4|    1]
                 [   0x2486b3e8]
                 [   0x00000008]
                 [   0x44000001]
                 -------------
  1  (0x34778428)  [00|00|    2]
                 [   0x00000000]
                 [   0x00000000]
                 [   0x00000000]
                 -------------
  2  (0x34778438)  [00|00|    3]
                 [   0x00000000]
                 [   0x00000000]
                 [   0x00000000]
                 -------------
  3  (0x34778448)  [00|00|    4]
                 [   0x00000000]
                 [   0x00000000]
                 [   0x00000000]
                 -------------
  4  (0x34778458)  [00|00|    5]
                 [   0x00000000]
                 [   0x00000000]
                 [   0x00000000]
                 -------------
  5  (0x34778468)  [00|00|    6]
                 [   0x00000000]
                 [   0x00000000]
                 [   0x00000000]
                 -------------
  6  (0x34778478)  [00|00|    7]
                 [   0x00000000]
                 [   0x00000000]
                 [   0x00000000]
                 -------------
  7  (0x34778488)  [00|00|    8]
                 [   0x00000000]
                 [   0x00000000]
                 [   0x00000000]
                 -------------
  8  (0x34778498)  [00|00|    9]
                 [   0x00000000]
                 [   0x00000000]
                 [   0x00000000]
                 -------------
  9  (0x347784a8)  [00|00|   10]
                 [   0x00000000]
                 [   0x00000000]
                 [   0x00000000]
                 -------------
 10  (0x347784b8)  [00|00|   11]
                 [   0x00000000]
                 [   0x00000000]
                 [   0x00000000]
                 -------------
 11  (0x347784c8)  [00|00|   12]
                 [   0x00000000]
                 [   0x00000000]
                 [   0x00000000]
                 -------------
 12  (0x347784d8)  [00|00|   13]
                 [   0x00000000]
                 [   0x00000000]
                 [   0x00000000]
                 -------------
 13  (0x347784e8)  [00|00|   14]
                 [   0x00000000]
                 [   0x00000000]
                 [   0x00000000]
                 -------------
 14  (0x347784f8)  [00|b7|   15]
                 [   0x347711f0]
                 [   0x00000000]
                 [   0x70000004]
                 -------------
 15  (0x34778508)  [00|00|   16]
                 [   0x00000000]
                 [   0x00000000]
                 [   0x00000000]
                 -------------
 16  (0x34778518)  [00|00|   17]
                 [   0x00000000]
                 [   0x00000000]
                 [   0x00000000]
                 -------------
 17  (0x34778528)  [00|00|   18]
                 [   0x00000000]
                 [   0x00000000]
                 [   0x00000000]
                 -------------
 18  (0x34778538)  [00|00|   19]
                 [   0x00000000]
                 [   0x00000000]
                 [   0x00000000]
                 -------------
 19  (0x34778548)  [00|00|   20]
                 [   0x00000000]
                 [   0x00000000]
                 [   0x00000000]
                 -------------
 20  (0x34778558)  [00|00|   21]
                 [   0x00000000]
                 [   0x00000000]
                 [   0x00000000]
                 -------------
 21  (0x34778568)  [00|00|   22]
                 [   0x00000000]
                 [   0x00000000]
                 [   0x00000000]
                 -------------
 22  (0x34778578)  [00|00|   23]
                 [   0x00000000]
                 [   0x00000000]
                 [   0x00000000]
                 -------------
 23  (0x34778588)  [00|00|   24]
                 [   0x00000000]
                 [   0x00000000]
                 [   0x00000000]
                 -------------
 24  (0x34778598)  [00|00|   25]
                 [   0x00000000]
                 [   0x00000000]
                 [   0x00000000]
                 -------------
 25  (0x347785a8)  [00|00|   26]
                 [   0x00000000]
                 [   0x00000000]
                 [   0x00000000]
                 -------------
 26  (0x347785b8)  [00|00|   27]
                 [   0x00000000]
                 [   0x00000000]
                 [   0x00000000]
                 -------------
 27  (0x347785c8)  [00|00|   28]
                 [   0x00000000]
                 [   0x00000000]
                 [   0x00000000]
                 -------------
 28  (0x347785d8)  [00|00|   29]
                 [   0x00000000]
                 [   0x00000000]
                 [   0x00000000]
                 -------------
 29  (0x347785e8)  [00|00|   30]
                 [   0x00000000]
                 [   0x00000000]
                 [   0x00000000]
                 -------------
 30  (0x347785f8)  [00|00|   31]
                 [   0x00000000]
                 [   0x00000000]
                 [   0x00000000]
                 -------------
 31  (0x34778608)  [00|00|   32]
                 [   0x00000000]
                 [   0x00000000]
                 [   0x00000000]
                 -------------
 32  (0x34778618)  [00|00|   33]
                 [   0x00000000]
                 [   0x00000000]
                 [   0x00000000]
                 -------------
 33  (0x34778628)  [00|00|   34]
                 [   0x00000000]
                 [   0x00000000]
                 [   0x00000000]
                 -------------
 34  (0x34778638)  [00|00|   35]
                 [   0x00000000]
                 [   0x00000000]
                 [   0x00000000]
                 -------------
 35  (0x34778648)  [00|00|   36]
                 [   0x00000000]
                 [   0x00000000]
                 [   0x00000000]
                 -------------
 36  (0x34778658)  [00|00|   37]
                 [   0x00000000]
                 [   0x00000000]
                 [   0x00000000]
                 -------------
 37  (0x34778668)  [00|00|   38]
                 [   0x00000000]
                 [   0x00000000]
                 [   0x00000000]
                 -------------
 38  (0x34778678)  [00|00|   39]
                 [   0x00000000]
                 [   0x00000000]
                 [   0x00000000]
                 -------------
 39  (0x34778688)  [00|00|   40]
                 [   0x00000000]
                 [   0x00000000]
                 [   0x00000000]
                 -------------
 40  (0x34778698)  [00|00|   41]
                 [   0x00000000]
                 [   0x00000000]
                 [   0x00000000]
                 -------------
 41  (0x347786a8)  [00|00|   42]
                 [   0x00000000]
                 [   0x00000000]
                 [   0x00000000]
                 -------------
 42  (0x347786b8)  [00|00|   43]
                 [   0x00000000]
                 [   0x00000000]
                 [   0x00000000]
                 -------------
 43  (0x347786c8)  [00|00|   44]
                 [   0x00000000]
                 [   0x00000000]
                 [   0x00000000]
                 -------------
 44  (0x347786d8)  [00|00|   45]
                 [   0x00000000]
                 [   0x00000000]
                 [   0x00000000]
                 -------------
 45  (0x347786e8)  [00|00|   46]
                 [   0x00000000]
                 [   0x00000000]
                 [   0x00000000]
                 -------------
 46  (0x347786f8)  [00|00|   47]
                 [   0x00000000]
                 [   0x00000000]
                 [   0x00000000]
                 -------------
 47  (0x34778708)  [00|00|   48]
                 [   0x00000000]
                 [   0x00000000]
                 [   0x00000000]
                 -------------
 48  (0x34778718)  [00|00|   49]
                 [   0x00000000]
                 [   0x00000000]
                 [   0x00000000]
                 -------------
 49  (0x34778728)  [00|00|   50]
                 [   0x00000000]
                 [   0x00000000]
                 [   0x00000000]
                 -------------
 50  (0x34778738)  [00|00|   51]
                 [   0x00000000]
                 [   0x00000000]
                 [   0x00000000]
                 -------------
 51  (0x34778748)  [00|00|   52]
                 [   0x00000000]
                 [   0x00000000]
                 [   0x00000000]
                 -------------
 52  (0x34778758)  [00|00|   53]
                 [   0x00000000]
                 [   0x00000000]
                 [   0x00000000]
                 -------------
 53  (0x34778768)  [00|00|   54]
                 [   0x00000000]
                 [   0x00000000]
                 [   0x00000000]
                 -------------
 54  (0x34778778)  [00|00|   55]
                 [   0x00000000]
                 [   0x00000000]
                 [   0x00000000]
                 -------------
 55  (0x34778788)  [00|00|   56]
                 [   0x00000000]
                 [   0x00000000]
                 [   0x00000000]
                 -------------
 56  (0x34778798)  [00|00|   57]
                 [   0x00000000]
                 [   0x00000000]
                 [   0x00000000]
                 -------------
 57  (0x347787a8)  [00|00|   58]
                 [   0x00000000]
                 [   0x00000000]
                 [   0x00000000]
                 -------------
 58  (0x347787b8)  [00|00|   59]
                 [   0x00000000]
                 [   0x00000000]
                 [   0x00000000]
                 -------------
 59  (0x347787c8)  [00|00|   60]
                 [   0x00000000]
                 [   0x00000000]
                 [   0x00000000]
                 -------------
 60  (0x347787d8)  [00|00|   61]
                 [   0x00000000]
                 [   0x00000000]
                 [   0x00000000]
                 -------------
 61  (0x347787e8)  [00|00|   62]
                 [   0x00000000]
                 [   0x00000000]
                 [   0x00000000]
                 -------------
 62  (0x347787f8)  [00|00|   63]
                 [   0x00000000]
                 [   0x00000000]
                 [   0x00000000]
                 -------------
 63  (0x34778808)  [00|00|   64]
                 [   0x00000000]
                 [   0x00000000]
                 [   0x00000000]
                 -------------
 64  (0x34778818)  [00|00|   65]
                 [   0x00000000]
                 [   0x00000000]
                 [   0x00000000]
                 -------------
 65  (0x34778828)  [00|00|   66]
                 [   0x00000000]
                 [   0x00000000]
                 [   0x00000000]
                 -------------
 66  (0x34778838)  [00|00|   67]
                 [   0x00000000]
                 [   0x00000000]
                 [   0x00000000]
                 -------------
 67  (0x34778848)  [00|00|   68]
                 [   0x00000000]
                 [   0x00000000]
                 [   0x00000000]
                 -------------
 68  (0x34778858)  [00|00|   69]
                 [   0x00000000]
                 [   0x00000000]
                 [   0x00000000]
                 -------------
 69  (0x34778868)  [00|00|   70]
                 [   0x00000000]
                 [   0x00000000]
                 [   0x00000000]
                 -------------
 70  (0x34778878)  [00|00|   71]
                 [   0x00000000]
                 [   0x00000000]
                 [   0x00000000]
                 -------------
 71  (0x34778888)  [00|00|   72]
                 [   0x00000000]
                 [   0x00000000]
                 [   0x00000000]
                 -------------
 72  (0x34778898)  [00|00|   73]
                 [   0x00000000]
                 [   0x00000000]
                 [   0x00000000]
                 -------------
 73  (0x347788a8)  [00|00|   74]
                 [   0x00000000]
                 [   0x00000000]
                 [   0x00000000]
                 -------------
 74  (0x347788b8)  [00|00|   75]
                 [   0x00000000]
                 [   0x00000000]
                 [   0x00000000]
                 -------------
 75  (0x347788c8)  [00|00|   76]
                 [   0x00000000]
                 [   0x00000000]
                 [   0x00000000]
                 -------------
 76  (0x347788d8)  [00|00|   77]
                 [   0x00000000]
                 [   0x00000000]
                 [   0x00000000]
                 -------------
 77  (0x347788e8)  [00|00|   78]
                 [   0x00000000]
                 [   0x00000000]
                 [   0x00000000]
                 -------------
 78  (0x347788f8)  [00|00|   79]
                 [   0x00000000]
                 [   0x00000000]
                 [   0x00000000]
                 -------------
 79  (0x34778908)  [00|00|   80]
                 [   0x00000000]
                 [   0x00000000]
                 [   0x00000000]
                 -------------
 80  (0x34778918)  [00|00|   81]
                 [   0x00000000]
                 [   0x00000000]
                 [   0x00000000]
                 -------------
 81  (0x34778928)  [00|00|   82]
                 [   0x00000000]
                 [   0x00000000]
                 [   0x00000000]
                 -------------
 82  (0x34778938)  [00|00|   83]
                 [   0x00000000]
                 [   0x00000000]
                 [   0x00000000]
                 -------------
 83  (0x34778948)  [00|00|   84]
                 [   0x00000000]
                 [   0x00000000]
                 [   0x00000000]
                 -------------
 84  (0x34778958)  [00|00|   85]
                 [   0x00000000]
                 [   0x00000000]
                 [   0x00000000]
                 -------------
 85  (0x34778968)  [00|00|   86]
                 [   0x00000000]
                 [   0x00000000]
                 [   0x00000000]
                 -------------
 86  (0x34778978)  [00|00|   87]
                 [   0x00000000]
                 [   0x00000000]
                 [   0x00000000]
                 -------------
 87  (0x34778988)  [00|00|   88]
                 [   0x00000000]
                 [   0x00000000]
                 [   0x00000000]
                 -------------
 88  (0x34778998)  [00|00|   89]
                 [   0x00000000]
                 [   0x00000000]
                 [   0x00000000]
                 -------------
 89  (0x347789a8)  [00|00|   90]
                 [   0x00000000]
                 [   0x00000000]
                 [   0x00000000]
                 -------------
 90  (0x347789b8)  [00|00|   91]
                 [   0x00000000]
                 [   0x00000000]
                 [   0x00000000]
                 -------------
 91  (0x347789c8)  [00|00|   92]
                 [   0x00000000]
                 [   0x00000000]
                 [   0x00000000]
                 -------------
 92  (0x347789d8)  [00|00|   93]
                 [   0x00000000]
                 [   0x00000000]
                 [   0x00000000]
                 -------------
 93  (0x347789e8)  [00|00|   94]
                 [   0x00000000]
                 [   0x00000000]
                 [   0x00000000]
                 -------------
 94  (0x347789f8)  [00|00|   95]
                 [   0x00000000]
                 [   0x00000000]
                 [   0x00000000]
                 -------------
 95  (0x34778a08)  [00|00|   96]
                 [   0x00000000]
                 [   0x00000000]
                 [   0x00000000]
                 -------------
 96  (0x34778a18)  [00|00|   97]
                 [   0x00000000]
                 [   0x00000000]
                 [   0x00000000]
                 -------------
 97  (0x34778a28)  [00|00|   98]
                 [   0x00000000]
                 [   0x00000000]
                 [   0x00000000]
                 -------------
 98  (0x34778a38)  [00|b7|   99]
                 [   0x34773bf0]
                 [   0x00000000]
                 [   0x80000004]
                 -------------
 99  (0x34778a48)  [00|00|  100]
                 [   0x00000000]
                 [   0x00000000]
                 [   0x00000000]
                 -------------
100  (0x34778a58)  [00|00|  101]
                 [   0x00000000]
                 [   0x00000000]
                 [   0x00000000]
                 -------------
101  (0x34778a68)  [00|b7|  102]
                 [   0x34773d70]
                 [   0x00000000]
                 [   0x70000003]
                 -------------
102  (0x34778a78)  [00|00|  103]
                 [   0x00000000]
                 [   0x00000000]
                 [   0x00000000]
                 -------------
103  (0x34778a88)  [00|00|  104]
                 [   0x00000000]
                 [   0x00000000]
                 [   0x00000000]
                 -------------
104  (0x34778a98)  [00|00|  105]
                 [   0x00000000]
                 [   0x00000000]
                 [   0x00000000]
                 -------------
105  (0x34778aa8)  [00|00|  106]
                 [   0x00000000]
                 [   0x00000000]
                 [   0x00000000]
                 -------------
106  (0x34778ab8)  [00|00|  107]
                 [   0x00000000]
                 [   0x00000000]
                 [   0x00000000]
                 -------------
107  (0x34778ac8)  [00|00|  108]
                 [   0x00000000]
                 [   0x00000000]
                 [   0x00000000]
                 -------------
108  (0x34778ad8)  [00|00|  109]
                 [   0x00000000]
                 [   0x00000000]
                 [   0x00000000]
                 -------------
109  (0x34778ae8)  [00|00|  110]
                 [   0x00000000]
                 [   0x00000000]
                 [   0x00000000]
                 -------------
110  (0x34778af8)  [00|00|  111]
                 [   0x00000000]
                 [   0x00000000]
                 [   0x00000000]
                 -------------
111  (0x34778b08)  [00|00|  112]
                 [   0x00000000]
                 [   0x00000000]
                 [   0x00000000]
                 -------------
112  (0x34778b18)  [00|00|  113]
                 [   0x00000000]
                 [   0x00000000]
                 [   0x00000000]
                 -------------
113  (0x34778b28)  [00|00|  114]
                 [   0x00000000]
                 [   0x00000000]
                 [   0x00000000]
                 -------------
114  (0x34778b38)  [00|b7|  115]
                 [   0x347743f0]
                 [   0x00000000]
                 [   0x80000006]
                 -------------
115  (0x34778b48)  [00|00|  116]
                 [   0x00000000]
                 [   0x00000000]
                 [   0x00000000]
                 -------------
116  (0x34778b58)  [00|00|  117]
                 [   0x00000000]
                 [   0x00000000]
                 [   0x00000000]
                 -------------
117  (0x34778b68)  [00|00|  118]
                 [   0x00000000]
                 [   0x00000000]
                 [   0x00000000]
                 -------------
118  (0x34778b78)  [00|00|  119]
                 [   0x00000000]
                 [   0x00000000]
                 [   0x00000000]
                 -------------
119  (0x34778b88)  [00|00|  120]
                 [   0x00000000]
                 [   0x00000000]
                 [   0x00000000]
                 -------------
120  (0x34778b98)  [00|00|  121]
                 [   0x00000000]
                 [   0x00000000]
                 [   0x00000000]
                 -------------
121  (0x34778ba8)  [00|00|  122]
                 [   0x00000000]
                 [   0x00000000]
                 [   0x00000000]
                 -------------
122  (0x34778bb8)  [00|00|  123]
                 [   0x00000000]
                 [   0x00000000]
                 [   0x00000000]
                 -------------
123  (0x34778bc8)  [00|00|  124]
                 [   0x00000000]
                 [   0x00000000]
                 [   0x00000000]
                 -------------
124  (0x34778bd8)  [00|00|  125]
                 [   0x00000000]
                 [   0x00000000]
                 [   0x00000000]
                 -------------
125  (0x34778be8)  [00|00|  126]
                 [   0x00000000]
                 [   0x00000000]
                 [   0x00000000]
                 -------------
126  (0x34778bf8)  [00|00|  127]
                 [   0x00000000]
                 [   0x00000000]
                 [   0x00000000]
                 -------------
127  (0x34778c08)  [00|00|  128]
                 [   0x00000000]
                 [   0x00000000]
                 [   0x00000000]
                 -------------
128  (0x34778c18)  [00|00|  129]
                 [   0x00000000]
                 [   0x00000000]
                 [   0x00000000]
                 -------------
129  (0x34778c28)  [00|00|  130]
                 [   0x00000000]
                 [   0x00000000]
                 [   0x00000000]
                 -------------
130  (0x34778c38)  [00|00|  131]
                 [   0x00000000]
                 [   0x00000000]
                 [   0x00000000]
                 -------------
131  (0x34778c48)  [00|00|  132]
                 [   0x00000000]
                 [   0x00000000]
                 [   0x00000000]
                 -------------
132  (0x34778c58)  [00|00|  133]
                 [   0x00000000]
                 [   0x00000000]
                 [   0x00000000]
                 -------------
133  (0x34778c68)  [00|00|  134]
                 [   0x00000000]
                 [   0x00000000]
                 [   0x00000000]
                 -------------
134  (0x34778c78)  [00|00|  135]
                 [   0x00000000]
                 [   0x00000000]
                 [   0x00000000]
                 -------------
135  (0x34778c88)  [00|00|  136]
                 [   0x00000000]
                 [   0x00000000]
                 [   0x00000000]
                 -------------
136  (0x34778c98)  [00|00|  137]
                 [   0x00000000]
                 [   0x00000000]
                 [   0x00000000]
                 -------------
137  (0x34778ca8)  [00|00|  138]
                 [   0x00000000]
                 [   0x00000000]
                 [   0x00000000]
                 -------------
138  (0x34778cb8)  [00|00|  139]
                 [   0x00000000]
                 [   0x00000000]
                 [   0x00000000]
                 -------------
139  (0x34778cc8)  [00|00|  140]
                 [   0x00000000]
                 [   0x00000000]
                 [   0x00000000]
                 -------------
140  (0x34778cd8)  [00|00|  141]
                 [   0x00000000]
                 [   0x00000000]
                 [   0x00000000]
                 -------------
141  (0x34778ce8)  [00|00|  142]
                 [   0x00000000]
                 [   0x00000000]
                 [   0x00000000]
                 -------------
142  (0x34778cf8)  [00|00|  143]
                 [   0x00000000]
                 [   0x00000000]
                 [   0x00000000]
                 -------------
143  (0x34778d08)  [00|00|  144]
                 [   0x00000000]
                 [   0x00000000]
                 [   0x00000000]
                 -------------
144  (0x34778d18)  [00|00|  145]
                 [   0x00000000]
                 [   0x00000000]
                 [   0x00000000]
                 -------------
145  (0x34778d28)  [00|00|  146]
                 [   0x00000000]
                 [   0x00000000]
                 [   0x00000000]
                 -------------
146  (0x34778d38)  [00|00|  147]
                 [   0x00000000]
                 [   0x00000000]
                 [   0x00000000]
                 -------------
147  (0x34778d48)  [00|00|  148]
                 [   0x00000000]
                 [   0x00000000]
                 [   0x00000000]
                 -------------
148  (0x34778d58)  [00|00|  149]
                 [   0x00000000]
                 [   0x00000000]
                 [   0x00000000]
                 -------------
149  (0x34778d68)  [00|00|  150]
                 [   0x00000000]
                 [   0x00000000]
                 [   0x00000000]
                 -------------
150  (0x34778d78)  [00|00|  151]
                 [   0x00000000]
                 [   0x00000000]
                 [   0x00000000]
                 -------------
151  (0x34778d88)  [00|00|  152]
                 [   0x00000000]
                 [   0x00000000]
                 [   0x00000000]
                 -------------
152  (0x34778d98)  [00|00|  153]
                 [   0x00000000]
                 [   0x00000000]
                 [   0x00000000]
                 -------------
153  (0x34778da8)  [00|00|  154]
                 [   0x00000000]
                 [   0x00000000]
                 [   0x00000000]
                 -------------
154  (0x34778db8)  [00|00|  155]
                 [   0x00000000]
                 [   0x00000000]
                 [   0x00000000]
                 -------------
155  (0x34778dc8)  [00|00|  156]
                 [   0x00000000]
                 [   0x00000000]
                 [   0x00000000]
                 -------------
156  (0x34778dd8)  [00|00|  157]
                 [   0x00000000]
                 [   0x00000000]
                 [   0x00000000]
                 -------------
157  (0x34778de8)  [00|00|  158]
                 [   0x00000000]
                 [   0x00000000]
                 [   0x00000000]
                 -------------
158  (0x34778df8)  [00|00|  159]
                 [   0x00000000]
                 [   0x00000000]
                 [   0x00000000]
                 -------------
159  (0x34778e08)  [00|00|  160]
                 [   0x00000000]
                 [   0x00000000]
                 [   0x00000000]
                 -------------
160  (0x34778e18)  [00|00|  161]
                 [   0x00000000]
                 [   0x00000000]
                 [   0x00000000]
                 -------------
161  (0x34778e28)  [00|00|  162]
                 [   0x00000000]
                 [   0x00000000]
                 [   0x00000000]
                 -------------
162  (0x34778e38)  [00|00|  163]
                 [   0x00000000]
                 [   0x00000000]
                 [   0x00000000]
                 -------------
163  (0x34778e48)  [00|00|  164]
                 [   0x00000000]
                 [   0x00000000]
                 [   0x00000000]
                 -------------
164  (0x34778e58)  [00|00|  165]
                 [   0x00000000]
                 [   0x00000000]
                 [   0x00000000]
                 -------------
165  (0x34778e68)  [00|00|  166]
                 [   0x00000000]
                 [   0x00000000]
                 [   0x00000000]
                 -------------
166  (0x34778e78)  [00|00|  167]
                 [   0x00000000]
                 [   0x00000000]
                 [   0x00000000]
                 -------------
167  (0x34778e88)  [00|00|  168]
                 [   0x00000000]
                 [   0x00000000]
                 [   0x00000000]
                 -------------
168  (0x34778e98)  [00|00|  169]
                 [   0x00000000]
                 [   0x00000000]
                 [   0x00000000]
                 -------------
169  (0x34778ea8)  [00|00|  170]
                 [   0x00000000]
                 [   0x00000000]
                 [   0x00000000]
                 -------------
170  (0x34778eb8)  [00|00|  171]
                 [   0x00000000]
                 [   0x00000000]
                 [   0x00000000]
                 -------------
171  (0x34778ec8)  [00|00|  172]
                 [   0x00000000]
                 [   0x00000000]
                 [   0x00000000]
                 -------------
172  (0x34778ed8)  [00|00|  173]
                 [   0x00000000]
                 [   0x00000000]
                 [   0x00000000]
                 -------------
173  (0x34778ee8)  [00|00|  174]
                 [   0x00000000]
                 [   0x00000000]
                 [   0x00000000]
                 -------------
174  (0x34778ef8)  [00|00|  175]
                 [   0x00000000]
                 [   0x00000000]
                 [   0x00000000]
                 -------------
175  (0x34778f08)  [00|00|  176]
                 [   0x00000000]
                 [   0x00000000]
                 [   0x00000000]
                 -------------
176  (0x34778f18)  [00|00|  177]
                 [   0x00000000]
                 [   0x00000000]
                 [   0x00000000]
                 -------------
177  (0x34778f28)  [00|00|  178]
                 [   0x00000000]
                 [   0x00000000]
                 [   0x00000000]
                 -------------
178  (0x34778f38)  [00|00|  179]
                 [   0x00000000]
                 [   0x00000000]
                 [   0x00000000]
                 -------------
179  (0x34778f48)  [00|00|  180]
                 [   0x00000000]
                 [   0x00000000]
                 [   0x00000000]
                 -------------
180  (0x34778f58)  [00|00|  181]
                 [   0x00000000]
                 [   0x00000000]
                 [   0x00000000]
                 -------------
181  (0x34778f68)  [00|00|  182]
                 [   0x00000000]
                 [   0x00000000]
                 [   0x00000000]
                 -------------
182  (0x34778f78)  [00|00|  183]
                 [   0x00000000]
                 [   0x00000000]
                 [   0x00000000]
                 -------------
183  (0x34778f88)  [00|00|  184]
                 [   0x00000000]
                 [   0x00000000]
                 [   0x00000000]
                 -------------
184  (0x34778f98)  [00|00|  185]
                 [   0x00000000]
                 [   0x00000000]
                 [   0x00000000]
                 -------------
185  (0x34778fa8)  [00|00|  186]
                 [   0x00000000]
                 [   0x00000000]
                 [   0x00000000]
                 -------------
186  (0x34778fb8)  [00|00|  187]
                 [   0x00000000]
                 [   0x00000000]
                 [   0x00000000]
                 -------------
187  (0x34778fc8)  [00|00|  188]
                 [   0x00000000]
                 [   0x00000000]
                 [   0x00000000]
                 -------------
188  (0x34778fd8)  [00|00|  189]
                 [   0x00000000]
                 [   0x00000000]
                 [   0x00000000]
                 -------------
189  (0x34778fe8)  [00|00|  190]
                 [   0x00000000]
                 [   0x00000000]
                 [   0x00000000]
                 -------------
190  (0x34778ff8)  [00|00|  191]
                 [   0x00000000]
                 [   0x00000000]
                 [   0x00000000]
                 -------------
191  (0x34779008)  [00|00|  192]
                 [   0x00000000]
                 [   0x00000000]
                 [   0x00000000]
                 -------------
192  (0x34779018)  [00|00|  193]
                 [   0x00000000]
                 [   0x00000000]
                 [   0x00000000]
                 -------------
193  (0x34779028)  [00|00|  194]
                 [   0x00000000]
                 [   0x00000000]
                 [   0x00000000]
                 -------------
194  (0x34779038)  [00|00|  195]
                 [   0x00000000]
                 [   0x00000000]
                 [   0x00000000]
                 -------------
195  (0x34779048)  [00|00|  196]
                 [   0x00000000]
                 [   0x00000000]
                 [   0x00000000]
                 -------------
196  (0x34779058)  [00|00|  197]
                 [   0x00000000]
                 [   0x00000000]
                 [   0x00000000]
                 -------------
197  (0x34779068)  [00|00|  198]
                 [   0x00000000]
                 [   0x00000000]
                 [   0x00000000]
                 -------------
198  (0x34779078)  [00|00|  199]
                 [   0x00000000]
                 [   0x00000000]
                 [   0x00000000]
                 -------------
199  (0x34779088)  [00|00|  200]
                 [   0x00000000]
                 [   0x00000000]
                 [   0x00000000]
                 -------------
200  (0x34779098)  [00|00|  201]
                 [   0x00000000]
                 [   0x00000000]
                 [   0x00000000]
                 -------------
201  (0x347790a8)  [00|00|  202]
                 [   0x00000000]
                 [   0x00000000]
                 [   0x00000000]
                 -------------
202  (0x347790b8)  [00|00|  203]
                 [   0x00000000]
                 [   0x00000000]
                 [   0x00000000]
                 -------------
203  (0x347790c8)  [00|00|  204]
                 [   0x00000000]
                 [   0x00000000]
                 [   0x00000000]
                 -------------
204  (0x347790d8)  [00|00|  205]
                 [   0x00000000]
                 [   0x00000000]
                 [   0x00000000]
                 -------------
205  (0x347790e8)  [00|00|  206]
                 [   0x00000000]
                 [   0x00000000]
                 [   0x00000000]
                 -------------
206  (0x347790f8)  [00|00|  207]
                 [   0x00000000]
                 [   0x00000000]
                 [   0x00000000]
                 -------------
207  (0x34779108)  [00|00|  208]
                 [   0x00000000]
                 [   0x00000000]
                 [   0x00000000]
                 -------------
208  (0x34779118)  [00|00|  209]
                 [   0x00000000]
                 [   0x00000000]
                 [   0x00000000]
                 -------------
209  (0x34779128)  [00|00|  210]
                 [   0x00000000]
                 [   0x00000000]
                 [   0x00000000]
                 -------------
210  (0x34779138)  [00|00|  211]
                 [   0x00000000]
                 [   0x00000000]
                 [   0x00000000]
                 -------------
211  (0x34779148)  [00|00|  212]
                 [   0x00000000]
                 [   0x00000000]
                 [   0x00000000]
                 -------------
212  (0x34779158)  [00|00|  213]
                 [   0x00000000]
                 [   0x00000000]
                 [   0x00000000]
                 -------------
213  (0x34779168)  [00|00|  214]
                 [   0x00000000]
                 [   0x00000000]
                 [   0x00000000]
                 -------------
214  (0x34779178)  [00|00|  215]
                 [   0x00000000]
                 [   0x00000000]
                 [   0x00000000]
                 -------------
215  (0x34779188)  [00|00|  216]
                 [   0x00000000]
                 [   0x00000000]
                 [   0x00000000]
                 -------------
216  (0x34779198)  [00|00|  217]
                 [   0x00000000]
                 [   0x00000000]
                 [   0x00000000]
                 -------------
217  (0x347791a8)  [00|00|  218]
                 [   0x00000000]
                 [   0x00000000]
                 [   0x00000000]
                 -------------
218  (0x347791b8)  [00|00|  219]
                 [   0x00000000]
                 [   0x00000000]
                 [   0x00000000]
                 -------------
219  (0x347791c8)  [00|00|  220]
                 [   0x00000000]
                 [   0x00000000]
                 [   0x00000000]
                 -------------
220  (0x347791d8)  [00|00|  221]
                 [   0x00000000]
                 [   0x00000000]
                 [   0x00000000]
                 -------------
221  (0x347791e8)  [00|00|  222]
                 [   0x00000000]
                 [   0x00000000]
                 [   0x00000000]
                 -------------
222  (0x347791f8)  [00|00|  223]
                 [   0x00000000]
                 [   0x00000000]
                 [   0x00000000]
                 -------------
223  (0x34779208)  [00|00|  224]
                 [   0x00000000]
                 [   0x00000000]
                 [   0x00000000]
                 -------------
224  (0x34779218)  [00|00|  225]
                 [   0x00000000]
                 [   0x00000000]
                 [   0x00000000]
                 -------------
225  (0x34779228)  [00|b7|  226]
                 [   0x39110188]
                 [   0x00000000]
                 [   0x80000001]
                 -------------
226  (0x34779238)  [b3|b2|  227]
                 [   0x2486b3e8]
                 [   0x00000070]
                 [   0x74000000]
                 -------------
227  (0x34779248)  [00|b8|  228]
                 [   0x3914b370]
                 [   0x00000000]
                 [   0x70400002]
                 -------------
228  (0x34779258)  [00|b9|  229]
                 [   0x3912a8c8]
                 [   0x00000002]
                 [   0x70000002]
                 -------------
229  (0x34779268)  [00|b7|  231]
                 [   0x34770a28]
                 [   0x00000000]
                 [   0x80000003]
                 -------------
230  (0x34779278)  [00|b9|  232]
                 [   0x3912a8c8]
                 [   0x00000006]
                 [   0x70000003]
                 -------------
231  (0x34779288)  [00|b7|  234]
                 [   0x39151bd8]
                 [   0x00000000]
                 [   0x80000001]
                 -------------
ESP=0x0029e02c is pointing into the stack for thread: 0x0095d000
EBP=0x0029e048 is pointing into the stack for thread: 0x0095d000
ESI=0x34773d70 is an oop
{method} 
 - klass: {other class}
EDI=0x0095d000 is a thread


Stack: [0x00250000,0x002a0000],  sp=0x0029e02c,  free space=312k
Native frames: (J=compiled Java code, j=interpreted, Vv=VM code, C=native code)
C  0x00007d20
j  bwapi.Game.self_native(J)Lbwapi/Player;+0
j  bwapi.Game.self()Lbwapi/Player;+5
j  TestBot1.onStart()V+16
j  bwapi.AIModule.onStart()V+11
v  ~StubRoutines::call_stub
V  [jvm.dll+0x13f25a]
V  [jvm.dll+0x202c1e]
V  [jvm.dll+0x13f2dd]
V  [jvm.dll+0xc9b22]
V  [jvm.dll+0xcd773]
C  [bwapi_bridge2_5.dll+0x1b20d]
C  [bwapi_bridge2_5.dll+0x750d3]
j  bwapi.Mirror.startGame()V+0
j  TestBot1.run()V+15
j  TestBot1.main([Ljava/lang/String;)V+7
v  ~StubRoutines::call_stub
V  [jvm.dll+0x13f25a]
V  [jvm.dll+0x202c1e]
V  [jvm.dll+0x13f2dd]
V  [jvm.dll+0xc98a5]
V  [jvm.dll+0xd4567]
C  [java.exe+0x2063]
C  [java.exe+0xa591]
C  [java.exe+0xa61b]
C  [kernel32.dll+0x1336a]
C  [ntdll.dll+0x39902]
C  [ntdll.dll+0x398d5]

Java frames: (J=compiled Java code, j=interpreted, Vv=VM code)
j  bwapi.Game.self_native(J)Lbwapi/Player;+0
j  bwapi.Game.self()Lbwapi/Player;+5
j  TestBot1.onStart()V+16
j  bwapi.AIModule.onStart()V+11
v  ~StubRoutines::call_stub
j  bwapi.Mirror.startGame()V+0
j  TestBot1.run()V+15
j  TestBot1.main([Ljava/lang/String;)V+7
v  ~StubRoutines::call_stub

---------------  P R O C E S S  ---------------

Java Threads: ( => current thread )
  0x00daec00 JavaThread "Service Thread" daemon [_thread_blocked, id=3408, stack(0x04a20000,0x04a70000)]
  0x00da5800 JavaThread "C1 CompilerThread0" daemon [_thread_blocked, id=5988, stack(0x04a70000,0x04ac0000)]
  0x00dbf400 JavaThread "Monitor Ctrl-Break" daemon [_thread_in_native, id=3804, stack(0x04970000,0x049c0000)]
  0x00d74400 JavaThread "Attach Listener" daemon [_thread_blocked, id=7520, stack(0x048f0000,0x04940000)]
  0x00d71400 JavaThread "Signal Dispatcher" daemon [_thread_blocked, id=9136, stack(0x04800000,0x04850000)]
  0x00d00800 JavaThread "Finalizer" daemon [_thread_blocked, id=4696, stack(0x00700000,0x00750000)]
  0x00cff000 JavaThread "Reference Handler" daemon [_thread_blocked, id=7432, stack(0x011b0000,0x01200000)]
=>0x0095d000 JavaThread "main" [_thread_in_native, id=5772, stack(0x00250000,0x002a0000)]

Other Threads:
  0x00cfd800 VMThread [stack: 0x01150000,0x011a0000] [id=5352]
  0x00db1000 WatcherThread [stack: 0x04bc0000,0x04c10000] [id=8856]

VM state:not at safepoint (normal execution)

VM Mutex/Monitor currently owned by a thread: None

Heap
 def new generation   total 4928K, used 2372K [0x24710000, 0x24c60000, 0x29c60000)
  eden space 4416K,  53% used [0x24710000, 0x24961390, 0x24b60000)
  from space 512K,   0% used [0x24b60000, 0x24b60000, 0x24be0000)
  to   space 512K,   0% used [0x24be0000, 0x24be0000, 0x24c60000)
 tenured generation   total 10944K, used 0K [0x29c60000, 0x2a710000, 0x34710000)
   the space 10944K,   0% used [0x29c60000, 0x29c60000, 0x29c60200, 0x2a710000)
 compacting perm gen  total 12288K, used 633K [0x34710000, 0x35310000, 0x38710000)
   the space 12288K,   5% used [0x34710000, 0x347ae550, 0x347ae600, 0x35310000)
    ro space 10240K,  44% used [0x38710000, 0x38b88300, 0x38b88400, 0x39110000)
    rw space 12288K,  52% used [0x39110000, 0x3975f100, 0x3975f200, 0x39d10000)

Card table byte_map: [0x00fc0000,0x01070000] byte_map_base: 0x00e9c780

Polling page: 0x001c0000

Code Cache  [0x02790000, 0x02830000, 0x04790000)
 total_blobs=181 nmethods=42 adapters=76 free_code_cache=32141Kb largest_free_block=32913280

Compilation events (10 events):
Event: 22.756 Thread 0x00da5800   38             java.lang.AbstractStringBuilder::append (48 bytes)
Event: 22.756 Thread 0x00da5800 nmethod 38 0x0282b248 code [0x0282b360, 0x0282b488]
Event: 23.285 Thread 0x00da5800   39             java.lang.String::<init> (67 bytes)
Event: 23.286 Thread 0x00da5800 nmethod 39 0x0282b5c8 code [0x0282b700, 0x0282b940]
Event: 23.286 Thread 0x00da5800   40             java.util.Arrays::copyOfRange (63 bytes)
Event: 23.286 Thread 0x00da5800 nmethod 40 0x0282bb08 code [0x0282bc60, 0x0282bff8]
Event: 23.740 Thread 0x00da5800   41             java.lang.StringBuilder::append (8 bytes)
Event: 23.741 Thread 0x00da5800 nmethod 41 0x0282c288 code [0x0282c380, 0x0282c41c]
Event: 24.803 Thread 0x00da5800   42             bwapi.Unit::get (53 bytes)
Event: 24.804 Thread 0x00da5800 nmethod 42 0x0282c488 code [0x0282c5c0, 0x0282c770]

GC Heap History (0 events):
No events

Deoptimization events (0 events):
No events

Internal exceptions (10 events):
Event: 25.123 Thread 0x0095d000 Threw 0x2494c250 at C:\re\jdk7u55\869\hotspot\src\share\vm\interpreter\linkResolver.cpp:883
Event: 25.163 Thread 0x0095d000 Threw 0x2494c8c8 at C:\re\jdk7u55\869\hotspot\src\share\vm\interpreter\linkResolver.cpp:883
Event: 25.173 Thread 0x0095d000 Threw 0x2494cf40 at C:\re\jdk7u55\869\hotspot\src\share\vm\interpreter\linkResolver.cpp:883
Event: 25.193 Thread 0x0095d000 Threw 0x2494d5b8 at C:\re\jdk7u55\869\hotspot\src\share\vm\interpreter\linkResolver.cpp:883
Event: 25.203 Thread 0x0095d000 Threw 0x2494dc30 at C:\re\jdk7u55\869\hotspot\src\share\vm\interpreter\linkResolver.cpp:883
Event: 25.233 Thread 0x0095d000 Threw 0x2494e2a8 at C:\re\jdk7u55\869\hotspot\src\share\vm\interpreter\linkResolver.cpp:883
Event: 25.253 Thread 0x0095d000 Threw 0x2494e920 at C:\re\jdk7u55\869\hotspot\src\share\vm\interpreter\linkResolver.cpp:883
Event: 25.263 Thread 0x0095d000 Threw 0x2494ef98 at C:\re\jdk7u55\869\hotspot\src\share\vm\interpreter\linkResolver.cpp:883
Event: 25.303 Thread 0x0095d000 Threw 0x2494f610 at C:\re\jdk7u55\869\hotspot\src\share\vm\interpreter\linkResolver.cpp:883
Event: 25.391 Thread 0x0095d000 Threw 0x2494fc88 at C:\re\jdk7u55\869\hotspot\src\share\vm\interpreter\linkResolver.cpp:883

Events (10 events):
Event: 20.351 loading class 0x04c29148
Event: 20.351 loading class 0x04c29148 done
Event: 20.351 loading class 0x00dae670
Event: 20.351 loading class 0x00dae670 done
Event: 20.351 loading class 0x00dae6a0
Event: 20.351 loading class 0x00dae6a0 done
Event: 20.352 loading class 0x00db00a0
Event: 20.352 loading class 0x00db00a0 done
Event: 20.665 loading class 0x00daf878
Event: 20.665 loading class 0x00daf878 done


Dynamic libraries:
0x01360000 - 0x0138f000 	C:\Program Files (x86)\Java\jdk1.7.0_55\bin\java.exe
0x775f0000 - 0x77770000 	C:\Windows\SysWOW64\ntdll.dll
0x76f60000 - 0x77070000 	C:\Windows\syswow64\kernel32.dll
0x73860000 - 0x7388f000 	C:\Program Files (x86)\AVG\Antivirus\aswhookx.dll
0x76f10000 - 0x76f57000 	C:\Windows\syswow64\KERNELBASE.dll
0x77120000 - 0x771c1000 	C:\Windows\syswow64\ADVAPI32.dll
0x77070000 - 0x7711c000 	C:\Windows\syswow64\msvcrt.dll
0x76d20000 - 0x76d39000 	C:\Windows\SysWOW64\sechost.dll
0x75590000 - 0x75680000 	C:\Windows\syswow64\RPCRT4.dll
0x74e90000 - 0x74ef0000 	C:\Windows\syswow64\SspiCli.dll
0x74e80000 - 0x74e8c000 	C:\Windows\syswow64\CRYPTBASE.dll
0x76650000 - 0x76750000 	C:\Windows\syswow64\USER32.dll
0x768c0000 - 0x76950000 	C:\Windows\syswow64\GDI32.dll
0x74ff0000 - 0x74ffa000 	C:\Windows\syswow64\LPK.dll
0x74f50000 - 0x74fed000 	C:\Windows\syswow64\USP10.dll
0x6c3f0000 - 0x6c58e000 	C:\Windows\WinSxS\x86_microsoft.windows.common-controls_6595b64144ccf1df_6.0.7601.18837_none_41e855142bd5705d\COMCTL32.dll
0x76c10000 - 0x76c67000 	C:\Windows\syswow64\SHLWAPI.dll
0x75500000 - 0x75560000 	C:\Windows\system32\IMM32.DLL
0x76580000 - 0x7664d000 	C:\Windows\syswow64\MSCTF.dll
0x710a0000 - 0x7115f000 	C:\Program Files (x86)\Java\jdk1.7.0_55\jre\bin\msvcr100.dll
0x6e1d0000 - 0x6e550000 	C:\Program Files (x86)\Java\jdk1.7.0_55\jre\bin\client\jvm.dll
0x748c0000 - 0x748c7000 	C:\Windows\system32\WSOCK32.dll
0x76ed0000 - 0x76f05000 	C:\Windows\syswow64\WS2_32.dll
0x76880000 - 0x76886000 	C:\Windows\syswow64\NSI.dll
0x63980000 - 0x639b2000 	C:\Windows\system32\WINMM.dll
0x76950000 - 0x76955000 	C:\Windows\syswow64\PSAPI.DLL
0x71440000 - 0x7144c000 	C:\Program Files (x86)\Java\jdk1.7.0_55\jre\bin\verify.dll
0x71420000 - 0x71440000 	C:\Program Files (x86)\Java\jdk1.7.0_55\jre\bin\java.dll
0x71400000 - 0x71420000 	C:\Program Files (x86)\Java\jdk1.7.0_55\jre\bin\instrument.dll
0x71080000 - 0x71093000 	C:\Program Files (x86)\Java\jdk1.7.0_55\jre\bin\zip.dll
0x70d20000 - 0x70d36000 	E:\IntelliJ IDEA Community Edition 2017.1.2\bin\breakgen.dll
0x0f9c0000 - 0x0fc46000 	E:\JavaBot\bwapi_bridge2_5.dll
0x6acc0000 - 0x6ad27000 	E:\JavaBot\libgmp-10.dll
0x6f540000 - 0x6f59e000 	E:\JavaBot\libmpfr-4.dll
0x0f4c0000 - 0x0f531000 	C:\Windows\system32\MSVCP120.dll
0x0f280000 - 0x0f36e000 	C:\Windows\system32\MSVCR120.dll
0x70d00000 - 0x70d14000 	C:\Program Files (x86)\Java\jdk1.7.0_55\jre\bin\net.dll
0x71b30000 - 0x71b6c000 	C:\Windows\system32\mswsock.dll
0x71b00000 - 0x71b06000 	C:\Windows\System32\wship6.dll
0x72f40000 - 0x7302b000 	C:\Windows\system32\dbghelp.dll

VM Arguments:
jvm_args: -javaagent:E:\IntelliJ IDEA Community Edition 2017.1.2\lib\idea_rt.jar=51365:E:\IntelliJ IDEA Community Edition 2017.1.2\bin -Dfile.encoding=UTF-8 
java_command: TestBot1
Launcher Type: SUN_STANDARD

Environment Variables:
PATH=C:\ProgramData\Oracle\Java\javapath;C:\Program Files (x86)\Intel\iCLS Client\;C:\Program Files\Intel\iCLS Client\;C:\Windows\system32;C:\Windows;C:\Windows\System32\Wbem;C:\Windows\System32\WindowsPowerShell\v1.0\;C:\Program Files (x86)\Intel\Intel(R) Management Engine Components\DAL;C:\Program Files\Intel\Intel(R) Management Engine Components\DAL;C:\Program Files (x86)\Intel\Intel(R) Management Engine Components\IPT;C:\Program Files\Intel\Intel(R) Management Engine Components\IPT;E:\Program Files\Microsoft SQL Server\120\Tools\Binn\;E:\Program Files\Microsoft SQL Server\130\Tools\Binn\;E:\Program Files\Microsoft SQL Server\Client SDK\ODBC\110\Tools\Binn\;C:\Program Files (x86)\Microsoft SQL Server\120\Tools\Binn\ManagementStudio\;C:\Program Files (x86)\Microsoft SQL Server\120\Tools\Binn\;C:\Program Files (x86)\Microsoft SQL Server\120\DTS\Binn\;E:\Program Files\Microsoft SQL Server\120\DTS\Binn\;C:\Program Files (x86)\ATI Technologies\ATI.ACE\Core-Static;C:\Program Files (x86)\Windows Kits\10\Windows Performance Toolkit\;E:\Node\;E:\Program Files\Git\cmd;C:\Program Files (x86)\Skype\Phone\;C:\Users\Christian\.dnx\bin;C:\Users\Christian\AppData\Roaming\npm;E:\Program Files\Docker Toolbox
USERNAME=Christian
OS=Windows_NT
PROCESSOR_IDENTIFIER=Intel64 Family 6 Model 94 Stepping 3, GenuineIntel



---------------  S Y S T E M  ---------------

OS: Windows 7 , 64 bit Build 7601 Service Pack 1

CPU:total 4 (4 cores per cpu, 1 threads per core) family 6 model 94 stepping 3, cmov, cx8, fxsr, mmx, sse, sse2, sse3, ssse3, sse4.1, sse4.2, popcnt, avx, avx2, aes, erms, tsc, tscinvbit

Memory: 4k page, physical 16777216k(11030652k free), swap 33552572k(26863612k free)

vm_info: Java HotSpot(TM) Client VM (24.55-b03) for windows-x86 JRE (1.7.0_55-b13), built on Mar 17 2014 20:01:11 by "java_re" with unknown MS VC++:1600

time: Sat May 06 16:32:42 2017
elapsed time: 42 seconds

