#
# A fatal error has been detected by the Java Runtime Environment:
#
#  EXCEPTION_ACCESS_VIOLATION (0xc0000005) at pc=0x0015002e, pid=8036, tid=9152
#
# JRE version: Java(TM) SE Runtime Environment (7.0_55-b13) (build 1.7.0_55-b13)
# Java VM: Java HotSpot(TM) Client VM (24.55-b03 mixed mode, sharing windows-x86 )
# Problematic frame:
# C  0x0015002e
#
# Failed to write core dump. Minidumps are not enabled by default on client versions of Windows
#
# If you would like to submit a bug report, please visit:
#   http://bugreport.sun.com/bugreport/crash.jsp
# The crash happened outside the Java Virtual Machine in native code.
# See problematic frame for where to report the bug.
#

---------------  T H R E A D  ---------------

Current thread (0x00acd000):  JavaThread "main" [_thread_in_native, id=9152, stack(0x00b30000,0x00b80000)]

siginfo: ExceptionCode=0xc0000005, ExceptionInformation=0x00000008 0x0015002e

Registers:
EAX=0x004ea4f0, EBX=0x3479b358, ECX=0x0047fc70, EDX=0x3479f9f0
ESP=0x00b7dc8c, EBP=0x00b7dca8, ESI=0x3479b358, EDI=0x00acd000
EIP=0x0015002e, EFLAGS=0x00010216

Top of Stack: (sp=0x00b7dc8c)
0x00b7dc8c:   04e93f07 00acd000 3479b358 3479b358
0x00b7dc9c:   00400000 00000000 0047d8d8 00b7dce4
0x00b7dcac:   0281a9dd 00acd130 00b7dcfc 0047fc70
0x00b7dcbc:   00acd000 00b7dfb8 00b7dcc4 00000000
0x00b7dccc:   00b7dcfc 3479f9f0 00000000 3479b358
0x00b7dcdc:   00000000 00b7dd00 00b7ddc8 028c60dc
0x00b7dcec:   00000000 028188e6 0047fc70 00acd000
0x00b7dcfc:   29c64ac0 0047fc70 00acd000 0f0bed29 

Instructions: (pc=0x0015002e)
0x0015000e:   
[error occurred during error reporting (printing registers, top of stack, instructions near pc), id 0xc0000005]

Register to memory mapping:

EAX=0x004ea4f0 is an unknown value
EBX=0x3479b358 is an oop
{method} 
 - klass: {other class}
ECX=0x0047fc70 is an unknown value
EDX=0x3479f9f0 is an oop
{constant pool cache} 
 - klass: {other class}
                 -------------
  0  (0x3479fa00)  [b5|b4|    1]
                 [   0x29c649d8]
                 [   0x00000008]
                 [   0x44000001]
                 -------------
  1  (0x3479fa10)  [00|00|    2]
                 [   0x00000000]
                 [   0x00000000]
                 [   0x00000000]
                 -------------
  2  (0x3479fa20)  [00|00|    3]
                 [   0x00000000]
                 [   0x00000000]
                 [   0x00000000]
                 -------------
  3  (0x3479fa30)  [00|00|    4]
                 [   0x00000000]
                 [   0x00000000]
                 [   0x00000000]
                 -------------
  4  (0x3479fa40)  [00|00|    5]
                 [   0x00000000]
                 [   0x00000000]
                 [   0x00000000]
                 -------------
  5  (0x3479fa50)  [00|00|    6]
                 [   0x00000000]
                 [   0x00000000]
                 [   0x00000000]
                 -------------
  6  (0x3479fa60)  [00|00|    7]
                 [   0x00000000]
                 [   0x00000000]
                 [   0x00000000]
                 -------------
  7  (0x3479fa70)  [00|00|    8]
                 [   0x00000000]
                 [   0x00000000]
                 [   0x00000000]
                 -------------
  8  (0x3479fa80)  [00|00|    9]
                 [   0x00000000]
                 [   0x00000000]
                 [   0x00000000]
                 -------------
  9  (0x3479fa90)  [00|00|   10]
                 [   0x00000000]
                 [   0x00000000]
                 [   0x00000000]
                 -------------
 10  (0x3479faa0)  [00|00|   11]
                 [   0x00000000]
                 [   0x00000000]
                 [   0x00000000]
                 -------------
 11  (0x3479fab0)  [00|00|   12]
                 [   0x00000000]
                 [   0x00000000]
                 [   0x00000000]
                 -------------
 12  (0x3479fac0)  [00|00|   13]
                 [   0x00000000]
                 [   0x00000000]
                 [   0x00000000]
                 -------------
 13  (0x3479fad0)  [00|00|   14]
                 [   0x00000000]
                 [   0x00000000]
                 [   0x00000000]
                 -------------
 14  (0x3479fae0)  [00|00|   15]
                 [   0x00000000]
                 [   0x00000000]
                 [   0x00000000]
                 -------------
 15  (0x3479faf0)  [00|00|   16]
                 [   0x00000000]
                 [   0x00000000]
                 [   0x00000000]
                 -------------
 16  (0x3479fb00)  [00|00|   17]
                 [   0x00000000]
                 [   0x00000000]
                 [   0x00000000]
                 -------------
 17  (0x3479fb10)  [00|00|   18]
                 [   0x00000000]
                 [   0x00000000]
                 [   0x00000000]
                 -------------
 18  (0x3479fb20)  [00|00|   19]
                 [   0x00000000]
                 [   0x00000000]
                 [   0x00000000]
                 -------------
 19  (0x3479fb30)  [00|00|   20]
                 [   0x00000000]
                 [   0x00000000]
                 [   0x00000000]
                 -------------
 20  (0x3479fb40)  [00|00|   21]
                 [   0x00000000]
                 [   0x00000000]
                 [   0x00000000]
                 -------------
 21  (0x3479fb50)  [00|00|   22]
                 [   0x00000000]
                 [   0x00000000]
                 [   0x00000000]
                 -------------
 22  (0x3479fb60)  [00|00|   23]
                 [   0x00000000]
                 [   0x00000000]
                 [   0x00000000]
                 -------------
 23  (0x3479fb70)  [00|00|   24]
                 [   0x00000000]
                 [   0x00000000]
                 [   0x00000000]
                 -------------
 24  (0x3479fb80)  [00|00|   25]
                 [   0x00000000]
                 [   0x00000000]
                 [   0x00000000]
                 -------------
 25  (0x3479fb90)  [00|00|   26]
                 [   0x00000000]
                 [   0x00000000]
                 [   0x00000000]
                 -------------
 26  (0x3479fba0)  [00|00|   27]
                 [   0x00000000]
                 [   0x00000000]
                 [   0x00000000]
                 -------------
 27  (0x3479fbb0)  [00|00|   28]
                 [   0x00000000]
                 [   0x00000000]
                 [   0x00000000]
                 -------------
 28  (0x3479fbc0)  [00|00|   29]
                 [   0x00000000]
                 [   0x00000000]
                 [   0x00000000]
                 -------------
 29  (0x3479fbd0)  [00|00|   30]
                 [   0x00000000]
                 [   0x00000000]
                 [   0x00000000]
                 -------------
 30  (0x3479fbe0)  [00|00|   31]
                 [   0x00000000]
                 [   0x00000000]
                 [   0x00000000]
                 -------------
 31  (0x3479fbf0)  [00|00|   32]
                 [   0x00000000]
                 [   0x00000000]
                 [   0x00000000]
                 -------------
 32  (0x3479fc00)  [00|00|   33]
                 [   0x00000000]
                 [   0x00000000]
                 [   0x00000000]
                 -------------
 33  (0x3479fc10)  [00|00|   34]
                 [   0x00000000]
                 [   0x00000000]
                 [   0x00000000]
                 -------------
 34  (0x3479fc20)  [00|00|   35]
                 [   0x00000000]
                 [   0x00000000]
                 [   0x00000000]
                 -------------
 35  (0x3479fc30)  [00|00|   36]
                 [   0x00000000]
                 [   0x00000000]
                 [   0x00000000]
                 -------------
 36  (0x3479fc40)  [00|00|   37]
                 [   0x00000000]
                 [   0x00000000]
                 [   0x00000000]
                 -------------
 37  (0x3479fc50)  [00|00|   38]
                 [   0x00000000]
                 [   0x00000000]
                 [   0x00000000]
                 -------------
 38  (0x3479fc60)  [00|00|   39]
                 [   0x00000000]
                 [   0x00000000]
                 [   0x00000000]
                 -------------
 39  (0x3479fc70)  [00|00|   40]
                 [   0x00000000]
                 [   0x00000000]
                 [   0x00000000]
                 -------------
 40  (0x3479fc80)  [00|00|   41]
                 [   0x00000000]
                 [   0x00000000]
                 [   0x00000000]
                 -------------
 41  (0x3479fc90)  [00|00|   42]
                 [   0x00000000]
                 [   0x00000000]
                 [   0x00000000]
                 -------------
 42  (0x3479fca0)  [00|00|   43]
                 [   0x00000000]
                 [   0x00000000]
                 [   0x00000000]
                 -------------
 43  (0x3479fcb0)  [00|00|   44]
                 [   0x00000000]
                 [   0x00000000]
                 [   0x00000000]
                 -------------
 44  (0x3479fcc0)  [00|00|   45]
                 [   0x00000000]
                 [   0x00000000]
                 [   0x00000000]
                 -------------
 45  (0x3479fcd0)  [00|00|   46]
                 [   0x00000000]
                 [   0x00000000]
                 [   0x00000000]
                 -------------
 46  (0x3479fce0)  [00|00|   47]
                 [   0x00000000]
                 [   0x00000000]
                 [   0x00000000]
                 -------------
 47  (0x3479fcf0)  [00|00|   48]
                 [   0x00000000]
                 [   0x00000000]
                 [   0x00000000]
                 -------------
 48  (0x3479fd00)  [00|00|   49]
                 [   0x00000000]
                 [   0x00000000]
                 [   0x00000000]
                 -------------
 49  (0x3479fd10)  [00|00|   50]
                 [   0x00000000]
                 [   0x00000000]
                 [   0x00000000]
                 -------------
 50  (0x3479fd20)  [00|00|   51]
                 [   0x00000000]
                 [   0x00000000]
                 [   0x00000000]
                 -------------
 51  (0x3479fd30)  [00|00|   52]
                 [   0x00000000]
                 [   0x00000000]
                 [   0x00000000]
                 -------------
 52  (0x3479fd40)  [00|00|   53]
                 [   0x00000000]
                 [   0x00000000]
                 [   0x00000000]
                 -------------
 53  (0x3479fd50)  [00|00|   54]
                 [   0x00000000]
                 [   0x00000000]
                 [   0x00000000]
                 -------------
 54  (0x3479fd60)  [00|00|   55]
                 [   0x00000000]
                 [   0x00000000]
                 [   0x00000000]
                 -------------
 55  (0x3479fd70)  [00|00|   56]
                 [   0x00000000]
                 [   0x00000000]
                 [   0x00000000]
                 -------------
 56  (0x3479fd80)  [00|00|   57]
                 [   0x00000000]
                 [   0x00000000]
                 [   0x00000000]
                 -------------
 57  (0x3479fd90)  [00|00|   58]
                 [   0x00000000]
                 [   0x00000000]
                 [   0x00000000]
                 -------------
 58  (0x3479fda0)  [00|00|   59]
                 [   0x00000000]
                 [   0x00000000]
                 [   0x00000000]
                 -------------
 59  (0x3479fdb0)  [00|00|   60]
                 [   0x00000000]
                 [   0x00000000]
                 [   0x00000000]
                 -------------
 60  (0x3479fdc0)  [00|00|   61]
                 [   0x00000000]
                 [   0x00000000]
                 [   0x00000000]
                 -------------
 61  (0x3479fdd0)  [00|00|   62]
                 [   0x00000000]
                 [   0x00000000]
                 [   0x00000000]
                 -------------
 62  (0x3479fde0)  [00|00|   63]
                 [   0x00000000]
                 [   0x00000000]
                 [   0x00000000]
                 -------------
 63  (0x3479fdf0)  [00|00|   64]
                 [   0x00000000]
                 [   0x00000000]
                 [   0x00000000]
                 -------------
 64  (0x3479fe00)  [00|00|   65]
                 [   0x00000000]
                 [   0x00000000]
                 [   0x00000000]
                 -------------
 65  (0x3479fe10)  [00|00|   66]
                 [   0x00000000]
                 [   0x00000000]
                 [   0x00000000]
                 -------------
 66  (0x3479fe20)  [00|00|   67]
                 [   0x00000000]
                 [   0x00000000]
                 [   0x00000000]
                 -------------
 67  (0x3479fe30)  [00|00|   68]
                 [   0x00000000]
                 [   0x00000000]
                 [   0x00000000]
                 -------------
 68  (0x3479fe40)  [00|00|   69]
                 [   0x00000000]
                 [   0x00000000]
                 [   0x00000000]
                 -------------
 69  (0x3479fe50)  [00|00|   70]
                 [   0x00000000]
                 [   0x00000000]
                 [   0x00000000]
                 -------------
 70  (0x3479fe60)  [00|00|   71]
                 [   0x00000000]
                 [   0x00000000]
                 [   0x00000000]
                 -------------
 71  (0x3479fe70)  [00|00|   72]
                 [   0x00000000]
                 [   0x00000000]
                 [   0x00000000]
                 -------------
 72  (0x3479fe80)  [00|00|   73]
                 [   0x00000000]
                 [   0x00000000]
                 [   0x00000000]
                 -------------
 73  (0x3479fe90)  [00|00|   74]
                 [   0x00000000]
                 [   0x00000000]
                 [   0x00000000]
                 -------------
 74  (0x3479fea0)  [00|00|   75]
                 [   0x00000000]
                 [   0x00000000]
                 [   0x00000000]
                 -------------
 75  (0x3479feb0)  [00|00|   76]
                 [   0x00000000]
                 [   0x00000000]
                 [   0x00000000]
                 -------------
 76  (0x3479fec0)  [00|00|   77]
                 [   0x00000000]
                 [   0x00000000]
                 [   0x00000000]
                 -------------
 77  (0x3479fed0)  [00|00|   78]
                 [   0x00000000]
                 [   0x00000000]
                 [   0x00000000]
                 -------------
 78  (0x3479fee0)  [00|00|   79]
                 [   0x00000000]
                 [   0x00000000]
                 [   0x00000000]
                 -------------
 79  (0x3479fef0)  [00|00|   80]
                 [   0x00000000]
                 [   0x00000000]
                 [   0x00000000]
                 -------------
 80  (0x3479ff00)  [00|00|   81]
                 [   0x00000000]
                 [   0x00000000]
                 [   0x00000000]
                 -------------
 81  (0x3479ff10)  [00|00|   82]
                 [   0x00000000]
                 [   0x00000000]
                 [   0x00000000]
                 -------------
 82  (0x3479ff20)  [00|00|   83]
                 [   0x00000000]
                 [   0x00000000]
                 [   0x00000000]
                 -------------
 83  (0x3479ff30)  [00|00|   84]
                 [   0x00000000]
                 [   0x00000000]
                 [   0x00000000]
                 -------------
 84  (0x3479ff40)  [00|00|   85]
                 [   0x00000000]
                 [   0x00000000]
                 [   0x00000000]
                 -------------
 85  (0x3479ff50)  [00|00|   86]
                 [   0x00000000]
                 [   0x00000000]
                 [   0x00000000]
                 -------------
 86  (0x3479ff60)  [00|00|   87]
                 [   0x00000000]
                 [   0x00000000]
                 [   0x00000000]
                 -------------
 87  (0x3479ff70)  [00|00|   88]
                 [   0x00000000]
                 [   0x00000000]
                 [   0x00000000]
                 -------------
 88  (0x3479ff80)  [00|00|   89]
                 [   0x00000000]
                 [   0x00000000]
                 [   0x00000000]
                 -------------
 89  (0x3479ff90)  [00|00|   90]
                 [   0x00000000]
                 [   0x00000000]
                 [   0x00000000]
                 -------------
 90  (0x3479ffa0)  [00|00|   91]
                 [   0x00000000]
                 [   0x00000000]
                 [   0x00000000]
                 -------------
 91  (0x3479ffb0)  [00|00|   92]
                 [   0x00000000]
                 [   0x00000000]
                 [   0x00000000]
                 -------------
 92  (0x3479ffc0)  [00|00|   93]
                 [   0x00000000]
                 [   0x00000000]
                 [   0x00000000]
                 -------------
 93  (0x3479ffd0)  [00|00|   94]
                 [   0x00000000]
                 [   0x00000000]
                 [   0x00000000]
                 -------------
 94  (0x3479ffe0)  [00|00|   95]
                 [   0x00000000]
                 [   0x00000000]
                 [   0x00000000]
                 -------------
 95  (0x3479fff0)  [00|00|   96]
                 [   0x00000000]
                 [   0x00000000]
                 [   0x00000000]
                 -------------
 96  (0x347a0000)  [00|00|   97]
                 [   0x00000000]
                 [   0x00000000]
                 [   0x00000000]
                 -------------
 97  (0x347a0010)  [00|00|   98]
                 [   0x00000000]
                 [   0x00000000]
                 [   0x00000000]
                 -------------
 98  (0x347a0020)  [00|00|   99]
                 [   0x00000000]
                 [   0x00000000]
                 [   0x00000000]
                 -------------
 99  (0x347a0030)  [00|00|  100]
                 [   0x00000000]
                 [   0x00000000]
                 [   0x00000000]
                 -------------
100  (0x347a0040)  [00|00|  101]
                 [   0x00000000]
                 [   0x00000000]
                 [   0x00000000]
                 -------------
101  (0x347a0050)  [00|b7|  102]
                 [   0x3479b358]
                 [   0x00000000]
                 [   0x70000003]
                 -------------
102  (0x347a0060)  [00|00|  103]
                 [   0x00000000]
                 [   0x00000000]
                 [   0x00000000]
                 -------------
103  (0x347a0070)  [00|b7|  104]
                 [   0x3479b458]
                 [   0x00000000]
                 [   0x70000003]
                 -------------
104  (0x347a0080)  [00|00|  105]
                 [   0x00000000]
                 [   0x00000000]
                 [   0x00000000]
                 -------------
105  (0x347a0090)  [00|00|  106]
                 [   0x00000000]
                 [   0x00000000]
                 [   0x00000000]
                 -------------
106  (0x347a00a0)  [00|00|  107]
                 [   0x00000000]
                 [   0x00000000]
                 [   0x00000000]
                 -------------
107  (0x347a00b0)  [00|00|  108]
                 [   0x00000000]
                 [   0x00000000]
                 [   0x00000000]
                 -------------
108  (0x347a00c0)  [00|00|  109]
                 [   0x00000000]
                 [   0x00000000]
                 [   0x00000000]
                 -------------
109  (0x347a00d0)  [00|00|  110]
                 [   0x00000000]
                 [   0x00000000]
                 [   0x00000000]
                 -------------
110  (0x347a00e0)  [00|00|  111]
                 [   0x00000000]
                 [   0x00000000]
                 [   0x00000000]
                 -------------
111  (0x347a00f0)  [00|00|  112]
                 [   0x00000000]
                 [   0x00000000]
                 [   0x00000000]
                 -------------
112  (0x347a0100)  [00|00|  113]
                 [   0x00000000]
                 [   0x00000000]
                 [   0x00000000]
                 -------------
113  (0x347a0110)  [00|00|  114]
                 [   0x00000000]
                 [   0x00000000]
                 [   0x00000000]
                 -------------
114  (0x347a0120)  [00|b7|  115]
                 [   0x3479b9d8]
                 [   0x00000000]
                 [   0x80000006]
                 -------------
115  (0x347a0130)  [00|00|  116]
                 [   0x00000000]
                 [   0x00000000]
                 [   0x00000000]
                 -------------
116  (0x347a0140)  [00|00|  117]
                 [   0x00000000]
                 [   0x00000000]
                 [   0x00000000]
                 -------------
117  (0x347a0150)  [00|00|  118]
                 [   0x00000000]
                 [   0x00000000]
                 [   0x00000000]
                 -------------
118  (0x347a0160)  [00|00|  119]
                 [   0x00000000]
                 [   0x00000000]
                 [   0x00000000]
                 -------------
119  (0x347a0170)  [00|00|  120]
                 [   0x00000000]
                 [   0x00000000]
                 [   0x00000000]
                 -------------
120  (0x347a0180)  [00|00|  121]
                 [   0x00000000]
                 [   0x00000000]
                 [   0x00000000]
                 -------------
121  (0x347a0190)  [00|00|  122]
                 [   0x00000000]
                 [   0x00000000]
                 [   0x00000000]
                 -------------
122  (0x347a01a0)  [00|00|  123]
                 [   0x00000000]
                 [   0x00000000]
                 [   0x00000000]
                 -------------
123  (0x347a01b0)  [00|00|  124]
                 [   0x00000000]
                 [   0x00000000]
                 [   0x00000000]
                 -------------
124  (0x347a01c0)  [00|00|  125]
                 [   0x00000000]
                 [   0x00000000]
                 [   0x00000000]
                 -------------
125  (0x347a01d0)  [00|00|  126]
                 [   0x00000000]
                 [   0x00000000]
                 [   0x00000000]
                 -------------
126  (0x347a01e0)  [00|00|  127]
                 [   0x00000000]
                 [   0x00000000]
                 [   0x00000000]
                 -------------
127  (0x347a01f0)  [00|00|  128]
                 [   0x00000000]
                 [   0x00000000]
                 [   0x00000000]
                 -------------
128  (0x347a0200)  [00|00|  129]
                 [   0x00000000]
                 [   0x00000000]
                 [   0x00000000]
                 -------------
129  (0x347a0210)  [00|00|  130]
                 [   0x00000000]
                 [   0x00000000]
                 [   0x00000000]
                 -------------
130  (0x347a0220)  [00|00|  131]
                 [   0x00000000]
                 [   0x00000000]
                 [   0x00000000]
                 -------------
131  (0x347a0230)  [00|00|  132]
                 [   0x00000000]
                 [   0x00000000]
                 [   0x00000000]
                 -------------
132  (0x347a0240)  [00|00|  133]
                 [   0x00000000]
                 [   0x00000000]
                 [   0x00000000]
                 -------------
133  (0x347a0250)  [00|00|  134]
                 [   0x00000000]
                 [   0x00000000]
                 [   0x00000000]
                 -------------
134  (0x347a0260)  [00|00|  135]
                 [   0x00000000]
                 [   0x00000000]
                 [   0x00000000]
                 -------------
135  (0x347a0270)  [00|00|  136]
                 [   0x00000000]
                 [   0x00000000]
                 [   0x00000000]
                 -------------
136  (0x347a0280)  [00|00|  137]
                 [   0x00000000]
                 [   0x00000000]
                 [   0x00000000]
                 -------------
137  (0x347a0290)  [00|00|  138]
                 [   0x00000000]
                 [   0x00000000]
                 [   0x00000000]
                 -------------
138  (0x347a02a0)  [00|00|  139]
                 [   0x00000000]
                 [   0x00000000]
                 [   0x00000000]
                 -------------
139  (0x347a02b0)  [00|00|  140]
                 [   0x00000000]
                 [   0x00000000]
                 [   0x00000000]
                 -------------
140  (0x347a02c0)  [00|00|  141]
                 [   0x00000000]
                 [   0x00000000]
                 [   0x00000000]
                 -------------
141  (0x347a02d0)  [00|00|  142]
                 [   0x00000000]
                 [   0x00000000]
                 [   0x00000000]
                 -------------
142  (0x347a02e0)  [00|00|  143]
                 [   0x00000000]
                 [   0x00000000]
                 [   0x00000000]
                 -------------
143  (0x347a02f0)  [00|00|  144]
                 [   0x00000000]
                 [   0x00000000]
                 [   0x00000000]
                 -------------
144  (0x347a0300)  [00|00|  145]
                 [   0x00000000]
                 [   0x00000000]
                 [   0x00000000]
                 -------------
145  (0x347a0310)  [00|00|  146]
                 [   0x00000000]
                 [   0x00000000]
                 [   0x00000000]
                 -------------
146  (0x347a0320)  [00|00|  147]
                 [   0x00000000]
                 [   0x00000000]
                 [   0x00000000]
                 -------------
147  (0x347a0330)  [00|00|  148]
                 [   0x00000000]
                 [   0x00000000]
                 [   0x00000000]
                 -------------
148  (0x347a0340)  [00|00|  149]
                 [   0x00000000]
                 [   0x00000000]
                 [   0x00000000]
                 -------------
149  (0x347a0350)  [00|00|  150]
                 [   0x00000000]
                 [   0x00000000]
                 [   0x00000000]
                 -------------
150  (0x347a0360)  [00|00|  151]
                 [   0x00000000]
                 [   0x00000000]
                 [   0x00000000]
                 -------------
151  (0x347a0370)  [00|00|  152]
                 [   0x00000000]
                 [   0x00000000]
                 [   0x00000000]
                 -------------
152  (0x347a0380)  [00|00|  153]
                 [   0x00000000]
                 [   0x00000000]
                 [   0x00000000]
                 -------------
153  (0x347a0390)  [00|00|  154]
                 [   0x00000000]
                 [   0x00000000]
                 [   0x00000000]
                 -------------
154  (0x347a03a0)  [00|00|  155]
                 [   0x00000000]
                 [   0x00000000]
                 [   0x00000000]
                 -------------
155  (0x347a03b0)  [00|00|  156]
                 [   0x00000000]
                 [   0x00000000]
                 [   0x00000000]
                 -------------
156  (0x347a03c0)  [00|00|  157]
                 [   0x00000000]
                 [   0x00000000]
                 [   0x00000000]
                 -------------
157  (0x347a03d0)  [00|00|  158]
                 [   0x00000000]
                 [   0x00000000]
                 [   0x00000000]
                 -------------
158  (0x347a03e0)  [00|00|  159]
                 [   0x00000000]
                 [   0x00000000]
                 [   0x00000000]
                 -------------
159  (0x347a03f0)  [00|00|  160]
                 [   0x00000000]
                 [   0x00000000]
                 [   0x00000000]
                 -------------
160  (0x347a0400)  [00|00|  161]
                 [   0x00000000]
                 [   0x00000000]
                 [   0x00000000]
                 -------------
161  (0x347a0410)  [00|00|  162]
                 [   0x00000000]
                 [   0x00000000]
                 [   0x00000000]
                 -------------
162  (0x347a0420)  [00|00|  163]
                 [   0x00000000]
                 [   0x00000000]
                 [   0x00000000]
                 -------------
163  (0x347a0430)  [00|00|  164]
                 [   0x00000000]
                 [   0x00000000]
                 [   0x00000000]
                 -------------
164  (0x347a0440)  [00|00|  165]
                 [   0x00000000]
                 [   0x00000000]
                 [   0x00000000]
                 -------------
165  (0x347a0450)  [00|00|  166]
                 [   0x00000000]
                 [   0x00000000]
                 [   0x00000000]
                 -------------
166  (0x347a0460)  [00|00|  167]
                 [   0x00000000]
                 [   0x00000000]
                 [   0x00000000]
                 -------------
167  (0x347a0470)  [00|00|  168]
                 [   0x00000000]
                 [   0x00000000]
                 [   0x00000000]
                 -------------
168  (0x347a0480)  [00|00|  169]
                 [   0x00000000]
                 [   0x00000000]
                 [   0x00000000]
                 -------------
169  (0x347a0490)  [00|00|  170]
                 [   0x00000000]
                 [   0x00000000]
                 [   0x00000000]
                 -------------
170  (0x347a04a0)  [00|00|  171]
                 [   0x00000000]
                 [   0x00000000]
                 [   0x00000000]
                 -------------
171  (0x347a04b0)  [00|00|  172]
                 [   0x00000000]
                 [   0x00000000]
                 [   0x00000000]
                 -------------
172  (0x347a04c0)  [00|00|  173]
                 [   0x00000000]
                 [   0x00000000]
                 [   0x00000000]
                 -------------
173  (0x347a04d0)  [00|00|  174]
                 [   0x00000000]
                 [   0x00000000]
                 [   0x00000000]
                 -------------
174  (0x347a04e0)  [00|00|  175]
                 [   0x00000000]
                 [   0x00000000]
                 [   0x00000000]
                 -------------
175  (0x347a04f0)  [00|00|  176]
                 [   0x00000000]
                 [   0x00000000]
                 [   0x00000000]
                 -------------
176  (0x347a0500)  [00|00|  177]
                 [   0x00000000]
                 [   0x00000000]
                 [   0x00000000]
                 -------------
177  (0x347a0510)  [00|00|  178]
                 [   0x00000000]
                 [   0x00000000]
                 [   0x00000000]
                 -------------
178  (0x347a0520)  [00|00|  179]
                 [   0x00000000]
                 [   0x00000000]
                 [   0x00000000]
                 -------------
179  (0x347a0530)  [00|00|  180]
                 [   0x00000000]
                 [   0x00000000]
                 [   0x00000000]
                 -------------
180  (0x347a0540)  [00|00|  181]
                 [   0x00000000]
                 [   0x00000000]
                 [   0x00000000]
                 -------------
181  (0x347a0550)  [00|00|  182]
                 [   0x00000000]
                 [   0x00000000]
                 [   0x00000000]
                 -------------
182  (0x347a0560)  [00|00|  183]
                 [   0x00000000]
                 [   0x00000000]
                 [   0x00000000]
                 -------------
183  (0x347a0570)  [00|00|  184]
                 [   0x00000000]
                 [   0x00000000]
                 [   0x00000000]
                 -------------
184  (0x347a0580)  [00|00|  185]
                 [   0x00000000]
                 [   0x00000000]
                 [   0x00000000]
                 -------------
185  (0x347a0590)  [00|00|  186]
                 [   0x00000000]
                 [   0x00000000]
                 [   0x00000000]
                 -------------
186  (0x347a05a0)  [00|00|  187]
                 [   0x00000000]
                 [   0x00000000]
                 [   0x00000000]
                 -------------
187  (0x347a05b0)  [00|00|  188]
                 [   0x00000000]
                 [   0x00000000]
                 [   0x00000000]
                 -------------
188  (0x347a05c0)  [00|00|  189]
                 [   0x00000000]
                 [   0x00000000]
                 [   0x00000000]
                 -------------
189  (0x347a05d0)  [00|00|  190]
                 [   0x00000000]
                 [   0x00000000]
                 [   0x00000000]
                 -------------
190  (0x347a05e0)  [00|00|  191]
                 [   0x00000000]
                 [   0x00000000]
                 [   0x00000000]
                 -------------
191  (0x347a05f0)  [00|00|  192]
                 [   0x00000000]
                 [   0x00000000]
                 [   0x00000000]
                 -------------
192  (0x347a0600)  [00|00|  193]
                 [   0x00000000]
                 [   0x00000000]
                 [   0x00000000]
                 -------------
193  (0x347a0610)  [00|00|  194]
                 [   0x00000000]
                 [   0x00000000]
                 [   0x00000000]
                 -------------
194  (0x347a0620)  [00|00|  195]
                 [   0x00000000]
                 [   0x00000000]
                 [   0x00000000]
                 -------------
195  (0x347a0630)  [00|00|  196]
                 [   0x00000000]
                 [   0x00000000]
                 [   0x00000000]
                 -------------
196  (0x347a0640)  [00|00|  197]
                 [   0x00000000]
                 [   0x00000000]
                 [   0x00000000]
                 -------------
197  (0x347a0650)  [00|00|  198]
                 [   0x00000000]
                 [   0x00000000]
                 [   0x00000000]
                 -------------
198  (0x347a0660)  [00|00|  199]
                 [   0x00000000]
                 [   0x00000000]
                 [   0x00000000]
                 -------------
199  (0x347a0670)  [00|00|  200]
                 [   0x00000000]
                 [   0x00000000]
                 [   0x00000000]
                 -------------
200  (0x347a0680)  [00|00|  201]
                 [   0x00000000]
                 [   0x00000000]
                 [   0x00000000]
                 -------------
201  (0x347a0690)  [00|00|  202]
                 [   0x00000000]
                 [   0x00000000]
                 [   0x00000000]
                 -------------
202  (0x347a06a0)  [00|00|  203]
                 [   0x00000000]
                 [   0x00000000]
                 [   0x00000000]
                 -------------
203  (0x347a06b0)  [00|00|  204]
                 [   0x00000000]
                 [   0x00000000]
                 [   0x00000000]
                 -------------
204  (0x347a06c0)  [00|00|  205]
                 [   0x00000000]
                 [   0x00000000]
                 [   0x00000000]
                 -------------
205  (0x347a06d0)  [00|00|  206]
                 [   0x00000000]
                 [   0x00000000]
                 [   0x00000000]
                 -------------
206  (0x347a06e0)  [00|00|  207]
                 [   0x00000000]
                 [   0x00000000]
                 [   0x00000000]
                 -------------
207  (0x347a06f0)  [00|00|  208]
                 [   0x00000000]
                 [   0x00000000]
                 [   0x00000000]
                 -------------
208  (0x347a0700)  [00|00|  209]
                 [   0x00000000]
                 [   0x00000000]
                 [   0x00000000]
                 -------------
209  (0x347a0710)  [00|00|  210]
                 [   0x00000000]
                 [   0x00000000]
                 [   0x00000000]
                 -------------
210  (0x347a0720)  [00|00|  211]
                 [   0x00000000]
                 [   0x00000000]
                 [   0x00000000]
                 -------------
211  (0x347a0730)  [00|00|  212]
                 [   0x00000000]
                 [   0x00000000]
                 [   0x00000000]
                 -------------
212  (0x347a0740)  [00|00|  213]
                 [   0x00000000]
                 [   0x00000000]
                 [   0x00000000]
                 -------------
213  (0x347a0750)  [00|00|  214]
                 [   0x00000000]
                 [   0x00000000]
                 [   0x00000000]
                 -------------
214  (0x347a0760)  [00|00|  215]
                 [   0x00000000]
                 [   0x00000000]
                 [   0x00000000]
                 -------------
215  (0x347a0770)  [00|00|  216]
                 [   0x00000000]
                 [   0x00000000]
                 [   0x00000000]
                 -------------
216  (0x347a0780)  [00|00|  217]
                 [   0x00000000]
                 [   0x00000000]
                 [   0x00000000]
                 -------------
217  (0x347a0790)  [00|00|  218]
                 [   0x00000000]
                 [   0x00000000]
                 [   0x00000000]
                 -------------
218  (0x347a07a0)  [00|00|  219]
                 [   0x00000000]
                 [   0x00000000]
                 [   0x00000000]
                 -------------
219  (0x347a07b0)  [00|00|  220]
                 [   0x00000000]
                 [   0x00000000]
                 [   0x00000000]
                 -------------
220  (0x347a07c0)  [00|00|  221]
                 [   0x00000000]
                 [   0x00000000]
                 [   0x00000000]
                 -------------
221  (0x347a07d0)  [00|00|  222]
                 [   0x00000000]
                 [   0x00000000]
                 [   0x00000000]
                 -------------
222  (0x347a07e0)  [00|00|  223]
                 [   0x00000000]
                 [   0x00000000]
                 [   0x00000000]
                 -------------
223  (0x347a07f0)  [00|00|  224]
                 [   0x00000000]
                 [   0x00000000]
                 [   0x00000000]
                 -------------
224  (0x347a0800)  [00|00|  225]
                 [   0x00000000]
                 [   0x00000000]
                 [   0x00000000]
                 -------------
225  (0x347a0810)  [00|b7|  226]
                 [   0x39110188]
                 [   0x00000000]
                 [   0x80000001]
                 -------------
226  (0x347a0820)  [b3|b2|  227]
                 [   0x29c649d8]
                 [   0x00000070]
                 [   0x74000000]
                 -------------
227  (0x347a0830)  [00|b8|  228]
                 [   0x3914b370]
                 [   0x00000000]
                 [   0x70400002]
                 -------------
228  (0x347a0840)  [00|b9|  229]
                 [   0x3912a8c8]
                 [   0x00000002]
                 [   0x70000002]
                 -------------
229  (0x347a0850)  [00|b7|  231]
                 [   0x34798010]
                 [   0x00000000]
                 [   0x80000003]
                 -------------
230  (0x347a0860)  [00|b9|  232]
                 [   0x3912a8c8]
                 [   0x00000006]
                 [   0x70000003]
                 -------------
231  (0x347a0870)  [00|b7|  234]
                 [   0x39151bd8]
                 [   0x00000000]
                 [   0x80000001]
                 -------------
ESP=0x00b7dc8c is pointing into the stack for thread: 0x00acd000
EBP=0x00b7dca8 is pointing into the stack for thread: 0x00acd000
ESI=0x3479b358 is an oop
{method} 
 - klass: {other class}
EDI=0x00acd000 is a thread


Stack: [0x00b30000,0x00b80000],  sp=0x00b7dc8c,  free space=311k
Native frames: (J=compiled Java code, j=interpreted, Vv=VM code, C=native code)
C  0x0015002e
j  bwapi.Game.self_native(J)Lbwapi/Player;+0
J  TestBot1.onStart()V
v  ~StubRoutines::call_stub
V  [jvm.dll+0x13f25a]
V  [jvm.dll+0x202c1e]
V  [jvm.dll+0x13f2dd]
V  [jvm.dll+0xc9b22]
V  [jvm.dll+0xcd773]
C  [bwapi_bridge2_5.dll+0x1b20d]
C  [bwapi_bridge2_5.dll+0x750d3]
j  bwapi.Mirror.startGame()V+0
j  TestBot1.run()V+15
j  TestBot1.main([Ljava/lang/String;)V+7
v  ~StubRoutines::call_stub
V  [jvm.dll+0x13f25a]
V  [jvm.dll+0x202c1e]
V  [jvm.dll+0x13f2dd]
V  [jvm.dll+0xc98a5]
V  [jvm.dll+0xd4567]
C  [java.exe+0x2063]
C  [java.exe+0xa591]
C  [java.exe+0xa61b]
C  [kernel32.dll+0x1336a]
C  [ntdll.dll+0x39902]
C  [ntdll.dll+0x398d5]

Java frames: (J=compiled Java code, j=interpreted, Vv=VM code)
j  bwapi.Game.self_native(J)Lbwapi/Player;+0
J  TestBot1.onStart()V
j  bwapi.AIModule.onStart()V+11
v  ~StubRoutines::call_stub
j  bwapi.Mirror.startGame()V+0
j  TestBot1.run()V+15
j  TestBot1.main([Ljava/lang/String;)V+7
v  ~StubRoutines::call_stub

---------------  P R O C E S S  ---------------

Java Threads: ( => current thread )
  0x003d6000 JavaThread "Service Thread" daemon [_thread_blocked, id=5832, stack(0x01350000,0x013a0000)]
  0x003d4c00 JavaThread "C1 CompilerThread0" daemon [_thread_blocked, id=3960, stack(0x01180000,0x011d0000)]
  0x003a4000 JavaThread "Attach Listener" daemon [_thread_blocked, id=1496, stack(0x011d0000,0x01220000)]
  0x003a0c00 JavaThread "Signal Dispatcher" daemon [_thread_blocked, id=6336, stack(0x00ed0000,0x00f20000)]
  0x00330800 JavaThread "Finalizer" daemon [_thread_blocked, id=8796, stack(0x01060000,0x010b0000)]
  0x0032f000 JavaThread "Reference Handler" daemon [_thread_blocked, id=7564, stack(0x00dd0000,0x00e20000)]
=>0x00acd000 JavaThread "main" [_thread_in_native, id=9152, stack(0x00b30000,0x00b80000)]

Other Threads:
  0x0032d800 VMThread [stack: 0x00e40000,0x00e90000] [id=8364]
  0x04828c00 WatcherThread [stack: 0x04d50000,0x04da0000] [id=6616]

VM state:not at safepoint (normal execution)

VM Mutex/Monitor currently owned by a thread: None

Heap
 def new generation   total 4928K, used 1123K [0x24710000, 0x24c60000, 0x29c60000)
  eden space 4416K,  24% used [0x24710000, 0x2481fc98, 0x24b60000)
  from space 512K,   7% used [0x24be0000, 0x24be9100, 0x24c60000)
  to   space 512K,   0% used [0x24b60000, 0x24b60000, 0x24be0000)
 tenured generation   total 10944K, used 288K [0x29c60000, 0x2a710000, 0x34710000)
   the space 10944K,   2% used [0x29c60000, 0x29ca81e0, 0x29ca8200, 0x2a710000)
 compacting perm gen  total 12288K, used 635K [0x34710000, 0x35310000, 0x38710000)
   the space 12288K,   5% used [0x34710000, 0x347aece0, 0x347aee00, 0x35310000)
    ro space 10240K,  44% used [0x38710000, 0x38b88300, 0x38b88400, 0x39110000)
    rw space 12288K,  52% used [0x39110000, 0x3975f100, 0x3975f200, 0x39d10000)

Card table byte_map: [0x00b80000,0x00c30000] byte_map_base: 0x00a5c780

Polling page: 0x00220000

Code Cache  [0x02810000, 0x028d0000, 0x04810000)
 total_blobs=287 nmethods=148 adapters=76 free_code_cache=32031Kb largest_free_block=32800448

Compilation events (10 events):
Event: 2907.838 Thread 0x003d4c00  144             java.util.HashMap::put (142 bytes)
Event: 2907.838 Thread 0x003d4c00 nmethod 144 0x028c5848 code [0x028c59a0, 0x028c5bc8]
Event: 3022.690 Thread 0x003d4c00  145             TestBot1::onStart (185 bytes)
Event: 3022.691 Thread 0x003d4c00 nmethod 145 0x028c5dc8 code [0x028c6090, 0x028c6c4c]
Event: 3023.024 Thread 0x003d4c00  146             bwapi.Position::<init> (15 bytes)
Event: 3023.024 Thread 0x003d4c00 nmethod 146 0x028c7848 code [0x028c7940, 0x028c79c0]
Event: 3023.025 Thread 0x003d4c00  147             bwapi.Position::toString (40 bytes)
Event: 3023.025 Thread 0x003d4c00 nmethod 147 0x028c7a08 code [0x028c7b50, 0x028c7da8]
Event: 3023.028 Thread 0x003d4c00  148             java.util.HashMap$Entry::<init> (26 bytes)
Event: 3023.029 Thread 0x003d4c00 nmethod 148 0x028c7f48 code [0x028c8040, 0x028c8100]

GC Heap History (10 events):
Event: 485.603 GC heap before
{Heap before GC invocations=0 (full 0):
 def new generation   total 4928K, used 4416K [0x24710000, 0x24c60000, 0x29c60000)
  eden space 4416K, 100% used [0x24710000, 0x24b60000, 0x24b60000)
  from space 512K,   0% used [0x24b60000, 0x24b60000, 0x24be0000)
  to   space 512K,   0% used [0x24be0000, 0x24be0000, 0x24c60000)
 tenured generation   total 10944K, used 0K [0x29c60000, 0x2a710000, 0x34710000)
   the space 10944K,   0% used [0x29c60000, 0x29c60000, 0x29c60200, 0x2a710000)
 compacting perm gen  total 12288K, used 635K [0x34710000, 0x35310000, 0x38710000)
   the space 12288K,   5% used [0x34710000, 0x347aec80, 0x347aee00, 0x35310000)
    ro space 10240K,  44% used [0x38710000, 0x38b88300, 0x38b88400, 0x39110000)
    rw space 12288K,  52% used [0x39110000, 0x3975f100, 0x3975f200, 0x39d10000)
Event: 485.605 GC heap after
Heap after GC invocations=1 (full 0):
 def new generation   total 4928K, used 485K [0x24710000, 0x24c60000, 0x29c60000)
  eden space 4416K,   0% used [0x24710000, 0x24710000, 0x24b60000)
  from space 512K,  94% used [0x24be0000, 0x24c59618, 0x24c60000)
  to   space 512K,   0% used [0x24b60000, 0x24b60000, 0x24be0000)
 tenured generation   total 10944K, used 0K [0x29c60000, 0x2a710000, 0x34710000)
   the space 10944K,   0% used [0x29c60000, 0x29c60000, 0x29c60200, 0x2a710000)
 compacting perm gen  total 12288K, used 635K [0x34710000, 0x35310000, 0x38710000)
   the space 12288K,   5% used [0x34710000, 0x347aec80, 0x347aee00, 0x35310000)
    ro space 10240K,  44% used [0x38710000, 0x38b88300, 0x38b88400, 0x39110000)
    rw space 12288K,  52% used [0x39110000, 0x3975f100, 0x3975f200, 0x39d10000)
}
Event: 540.979 GC heap before
{Heap before GC invocations=1 (full 0):
 def new generation   total 4928K, used 4901K [0x24710000, 0x24c60000, 0x29c60000)
  eden space 4416K, 100% used [0x24710000, 0x24b60000, 0x24b60000)
  from space 512K,  94% used [0x24be0000, 0x24c59618, 0x24c60000)
  to   space 512K,   0% used [0x24b60000, 0x24b60000, 0x24be0000)
 tenured generation   total 10944K, used 0K [0x29c60000, 0x2a710000, 0x34710000)
   the space 10944K,   0% used [0x29c60000, 0x29c60000, 0x29c60200, 0x2a710000)
 compacting perm gen  total 12288K, used 635K [0x34710000, 0x35310000, 0x38710000)
   the space 12288K,   5% used [0x34710000, 0x347aec90, 0x347aee00, 0x35310000)
    ro space 10240K,  44% used [0x38710000, 0x38b88300, 0x38b88400, 0x39110000)
    rw space 12288K,  52% used [0x39110000, 0x3975f100, 0x3975f200, 0x39d10000)
Event: 540.980 GC heap after
Heap after GC invocations=2 (full 0):
 def new generation   total 4928K, used 0K [0x24710000, 0x24c60000, 0x29c60000)
  eden space 4416K,   0% used [0x24710000, 0x24710000, 0x24b60000)
  from space 512K,   0% used [0x24b60000, 0x24b60310, 0x24be0000)
  to   space 512K,   0% used [0x24be0000, 0x24be0000, 0x24c60000)
 tenured generation   total 10944K, used 288K [0x29c60000, 0x2a710000, 0x34710000)
   the space 10944K,   2% used [0x29c60000, 0x29ca81e0, 0x29ca8200, 0x2a710000)
 compacting perm gen  total 12288K, used 635K [0x34710000, 0x35310000, 0x38710000)
   the space 12288K,   5% used [0x34710000, 0x347aec90, 0x347aee00, 0x35310000)
    ro space 10240K,  44% used [0x38710000, 0x38b88300, 0x38b88400, 0x39110000)
    rw space 12288K,  52% used [0x39110000, 0x3975f100, 0x3975f200, 0x39d10000)
}
Event: 2487.292 GC heap before
{Heap before GC invocations=2 (full 0):
 def new generation   total 4928K, used 4416K [0x24710000, 0x24c60000, 0x29c60000)
  eden space 4416K, 100% used [0x24710000, 0x24b60000, 0x24b60000)
  from space 512K,   0% used [0x24b60000, 0x24b60310, 0x24be0000)
  to   space 512K,   0% used [0x24be0000, 0x24be0000, 0x24c60000)
 tenured generation   total 10944K, used 288K [0x29c60000, 0x2a710000, 0x34710000)
   the space 10944K,   2% used [0x29c60000, 0x29ca81e0, 0x29ca8200, 0x2a710000)
 compacting perm gen  total 12288K, used 635K [0x34710000, 0x35310000, 0x38710000)
   the space 12288K,   5% used [0x34710000, 0x347aecb0, 0x347aee00, 0x35310000)
    ro space 10240K,  44% used [0x38710000, 0x38b88300, 0x38b88400, 0x39110000)
    rw space 12288K,  52% used [0x39110000, 0x3975f100, 0x3975f200, 0x39d10000)
Event: 2487.292 GC heap after
Heap after GC invocations=3 (full 0):
 def new generation   total 4928K, used 12K [0x24710000, 0x24c60000, 0x29c60000)
  eden space 4416K,   0% used [0x24710000, 0x24710000, 0x24b60000)
  from space 512K,   2% used [0x24be0000, 0x24be3350, 0x24c60000)
  to   space 512K,   0% used [0x24b60000, 0x24b60000, 0x24be0000)
 tenured generation   total 10944K, used 288K [0x29c60000, 0x2a710000, 0x34710000)
   the space 10944K,   2% used [0x29c60000, 0x29ca81e0, 0x29ca8200, 0x2a710000)
 compacting perm gen  total 12288K, used 635K [0x34710000, 0x35310000, 0x38710000)
   the space 12288K,   5% used [0x34710000, 0x347aecb0, 0x347aee00, 0x35310000)
    ro space 10240K,  44% used [0x38710000, 0x38b88300, 0x38b88400, 0x39110000)
    rw space 12288K,  52% used [0x39110000, 0x3975f100, 0x3975f200, 0x39d10000)
}
Event: 2909.521 GC heap before
{Heap before GC invocations=3 (full 0):
 def new generation   total 4928K, used 4428K [0x24710000, 0x24c60000, 0x29c60000)
  eden space 4416K, 100% used [0x24710000, 0x24b60000, 0x24b60000)
  from space 512K,   2% used [0x24be0000, 0x24be3350, 0x24c60000)
  to   space 512K,   0% used [0x24b60000, 0x24b60000, 0x24be0000)
 tenured generation   total 10944K, used 288K [0x29c60000, 0x2a710000, 0x34710000)
   the space 10944K,   2% used [0x29c60000, 0x29ca81e0, 0x29ca8200, 0x2a710000)
 compacting perm gen  total 12288K, used 635K [0x34710000, 0x35310000, 0x38710000)
   the space 12288K,   5% used [0x34710000, 0x347aece0, 0x347aee00, 0x35310000)
    ro space 10240K,  44% used [0x38710000, 0x38b88300, 0x38b88400, 0x39110000)
    rw space 12288K,  52% used [0x39110000, 0x3975f100, 0x3975f200, 0x39d10000)
Event: 2909.521 GC heap after
Heap after GC invocations=4 (full 0):
 def new generation   total 4928K, used 28K [0x24710000, 0x24c60000, 0x29c60000)
  eden space 4416K,   0% used [0x24710000, 0x24710000, 0x24b60000)
  from space 512K,   5% used [0x24b60000, 0x24b67378, 0x24be0000)
  to   space 512K,   0% used [0x24be0000, 0x24be0000, 0x24c60000)
 tenured generation   total 10944K, used 288K [0x29c60000, 0x2a710000, 0x34710000)
   the space 10944K,   2% used [0x29c60000, 0x29ca81e0, 0x29ca8200, 0x2a710000)
 compacting perm gen  total 12288K, used 635K [0x34710000, 0x35310000, 0x38710000)
   the space 12288K,   5% used [0x34710000, 0x347aece0, 0x347aee00, 0x35310000)
    ro space 10240K,  44% used [0x38710000, 0x38b88300, 0x38b88400, 0x39110000)
    rw space 12288K,  52% used [0x39110000, 0x3975f100, 0x3975f200, 0x39d10000)
}
Event: 3050.410 GC heap before
{Heap before GC invocations=4 (full 0):
 def new generation   total 4928K, used 4444K [0x24710000, 0x24c60000, 0x29c60000)
  eden space 4416K, 100% used [0x24710000, 0x24b60000, 0x24b60000)
  from space 512K,   5% used [0x24b60000, 0x24b67378, 0x24be0000)
  to   space 512K,   0% used [0x24be0000, 0x24be0000, 0x24c60000)
 tenured generation   total 10944K, used 288K [0x29c60000, 0x2a710000, 0x34710000)
   the space 10944K,   2% used [0x29c60000, 0x29ca81e0, 0x29ca8200, 0x2a710000)
 compacting perm gen  total 12288K, used 635K [0x34710000, 0x35310000, 0x38710000)
   the space 12288K,   5% used [0x34710000, 0x347aece0, 0x347aee00, 0x35310000)
    ro space 10240K,  44% used [0x38710000, 0x38b88300, 0x38b88400, 0x39110000)
    rw space 12288K,  52% used [0x39110000, 0x3975f100, 0x3975f200, 0x39d10000)
Event: 3050.410 GC heap after
Heap after GC invocations=5 (full 0):
 def new generation   total 4928K, used 36K [0x24710000, 0x24c60000, 0x29c60000)
  eden space 4416K,   0% used [0x24710000, 0x24710000, 0x24b60000)
  from space 512K,   7% used [0x24be0000, 0x24be9100, 0x24c60000)
  to   space 512K,   0% used [0x24b60000, 0x24b60000, 0x24be0000)
 tenured generation   total 10944K, used 288K [0x29c60000, 0x2a710000, 0x34710000)
   the space 10944K,   2% used [0x29c60000, 0x29ca81e0, 0x29ca8200, 0x2a710000)
 compacting perm gen  total 12288K, used 635K [0x34710000, 0x35310000, 0x38710000)
   the space 12288K,   5% used [0x34710000, 0x347aece0, 0x347aee00, 0x35310000)
    ro space 10240K,  44% used [0x38710000, 0x38b88300, 0x38b88400, 0x39110000)
    rw space 12288K,  52% used [0x39110000, 0x3975f100, 0x3975f200, 0x39d10000)
}

Deoptimization events (0 events):
No events

Internal exceptions (10 events):
Event: 3136.240 Thread 0x00acd000 Threw 0x24791810 at C:\re\jdk7u55\869\hotspot\src\share\vm\prims\jni.cpp:717
Event: 3136.240 Thread 0x00acd000 Threw 0x24791c20 at C:\re\jdk7u55\869\hotspot\src\share\vm\prims\jni.cpp:717
Event: 3136.240 Thread 0x00acd000 Threw 0x24791db8 at C:\re\jdk7u55\869\hotspot\src\share\vm\prims\jni.cpp:717
Event: 3136.240 Thread 0x00acd000 Threw 0x24791f20 at C:\re\jdk7u55\869\hotspot\src\share\vm\prims\jni.cpp:717
Event: 3136.240 Thread 0x00acd000 Threw 0x24792320 at C:\re\jdk7u55\869\hotspot\src\share\vm\prims\jni.cpp:717
Event: 3136.240 Thread 0x00acd000 Threw 0x247924b8 at C:\re\jdk7u55\869\hotspot\src\share\vm\prims\jni.cpp:717
Event: 3136.240 Thread 0x00acd000 Threw 0x24792620 at C:\re\jdk7u55\869\hotspot\src\share\vm\prims\jni.cpp:717
Event: 3140.166 Thread 0x00acd000 Threw 0x247cb950 at C:\re\jdk7u55\869\hotspot\src\share\vm\prims\jni.cpp:717
Event: 3140.166 Thread 0x00acd000 Threw 0x247cbae8 at C:\re\jdk7u55\869\hotspot\src\share\vm\prims\jni.cpp:717
Event: 3140.166 Thread 0x00acd000 Threw 0x247cbc50 at C:\re\jdk7u55\869\hotspot\src\share\vm\prims\jni.cpp:717

Events (10 events):
Event: 485.607 Executing VM operation: RevokeBias
Event: 485.607 Executing VM operation: RevokeBias done
Event: 540.979 Executing VM operation: GenCollectForAllocation
Event: 540.980 Executing VM operation: GenCollectForAllocation done
Event: 2487.292 Executing VM operation: GenCollectForAllocation
Event: 2487.292 Executing VM operation: GenCollectForAllocation done
Event: 2909.520 Executing VM operation: GenCollectForAllocation
Event: 2909.521 Executing VM operation: GenCollectForAllocation done
Event: 3050.410 Executing VM operation: GenCollectForAllocation
Event: 3050.410 Executing VM operation: GenCollectForAllocation done


Dynamic libraries:
0x013e0000 - 0x0140f000 	C:\Program Files (x86)\Java\jdk1.7.0_55\bin\java.exe
0x77490000 - 0x77610000 	C:\Windows\SysWOW64\ntdll.dll
0x760d0000 - 0x761e0000 	C:\Windows\syswow64\kernel32.dll
0x73e60000 - 0x73e8f000 	C:\Program Files (x86)\AVG\Antivirus\aswhookx.dll
0x74e60000 - 0x74ea7000 	C:\Windows\syswow64\KERNELBASE.dll
0x75cc0000 - 0x75d61000 	C:\Windows\syswow64\ADVAPI32.dll
0x75040000 - 0x750ec000 	C:\Windows\syswow64\msvcrt.dll
0x75480000 - 0x75499000 	C:\Windows\SysWOW64\sechost.dll
0x75a60000 - 0x75b50000 	C:\Windows\syswow64\RPCRT4.dll
0x74d30000 - 0x74d90000 	C:\Windows\syswow64\SspiCli.dll
0x74d20000 - 0x74d2c000 	C:\Windows\syswow64\CRYPTBASE.dll
0x74eb0000 - 0x74fb0000 	C:\Windows\syswow64\USER32.dll
0x74dd0000 - 0x74e60000 	C:\Windows\syswow64\GDI32.dll
0x75840000 - 0x7584a000 	C:\Windows\syswow64\LPK.dll
0x75c10000 - 0x75cad000 	C:\Windows\syswow64\USP10.dll
0x6c1c0000 - 0x6c35e000 	C:\Windows\WinSxS\x86_microsoft.windows.common-controls_6595b64144ccf1df_6.0.7601.18837_none_41e855142bd5705d\COMCTL32.dll
0x750f0000 - 0x75147000 	C:\Windows\syswow64\SHLWAPI.dll
0x751e0000 - 0x75240000 	C:\Windows\system32\IMM32.DLL
0x75250000 - 0x7531d000 	C:\Windows\syswow64\MSCTF.dll
0x77ac0000 - 0x77b7f000 	C:\Program Files (x86)\Java\jdk1.7.0_55\jre\bin\msvcr100.dll
0x6e7d0000 - 0x6eb50000 	C:\Program Files (x86)\Java\jdk1.7.0_55\jre\bin\client\jvm.dll
0x74760000 - 0x74767000 	C:\Windows\system32\WSOCK32.dll
0x76fa0000 - 0x76fd5000 	C:\Windows\syswow64\WS2_32.dll
0x75450000 - 0x75456000 	C:\Windows\syswow64\NSI.dll
0x73850000 - 0x73882000 	C:\Windows\system32\WINMM.dll
0x75a10000 - 0x75a15000 	C:\Windows\syswow64\PSAPI.DLL
0x6df50000 - 0x6df5c000 	C:\Program Files (x86)\Java\jdk1.7.0_55\jre\bin\verify.dll
0x6ca40000 - 0x6ca60000 	C:\Program Files (x86)\Java\jdk1.7.0_55\jre\bin\java.dll
0x6d040000 - 0x6d060000 	C:\Program Files (x86)\Java\jdk1.7.0_55\jre\bin\instrument.dll
0x6e790000 - 0x6e7a3000 	C:\Program Files (x86)\Java\jdk1.7.0_55\jre\bin\zip.dll
0x0f610000 - 0x0f626000 	E:\IntelliJ IDEA Community Edition 2017.1.2\bin\breakgen.dll
0x6e540000 - 0x6e554000 	C:\Program Files (x86)\Java\jdk1.7.0_55\jre\bin\net.dll
0x71a50000 - 0x71a8c000 	C:\Windows\system32\mswsock.dll
0x719a0000 - 0x719a6000 	C:\Windows\System32\wship6.dll
0x04e70000 - 0x050f6000 	E:\JavaBot\bwapi_bridge2_5.dll
0x6acc0000 - 0x6ad27000 	E:\JavaBot\libgmp-10.dll
0x6f540000 - 0x6f59e000 	E:\JavaBot\libmpfr-4.dll
0x0f2f0000 - 0x0f361000 	C:\Windows\system32\MSVCP120.dll
0x0f0b0000 - 0x0f19e000 	C:\Windows\system32\MSVCR120.dll
0x72de0000 - 0x72ecb000 	C:\Windows\system32\dbghelp.dll

VM Arguments:
jvm_args: -javaagent:E:\IntelliJ IDEA Community Edition 2017.1.2\lib\idea_rt.jar=63616:E:\IntelliJ IDEA Community Edition 2017.1.2\bin -Dfile.encoding=UTF-8 
java_command: TestBot1
Launcher Type: SUN_STANDARD

Environment Variables:
PATH=C:\ProgramData\Oracle\Java\javapath;C:\Program Files (x86)\Intel\iCLS Client\;C:\Program Files\Intel\iCLS Client\;C:\Windows\system32;C:\Windows;C:\Windows\System32\Wbem;C:\Windows\System32\WindowsPowerShell\v1.0\;C:\Program Files (x86)\Intel\Intel(R) Management Engine Components\DAL;C:\Program Files\Intel\Intel(R) Management Engine Components\DAL;C:\Program Files (x86)\Intel\Intel(R) Management Engine Components\IPT;C:\Program Files\Intel\Intel(R) Management Engine Components\IPT;E:\Program Files\Microsoft SQL Server\120\Tools\Binn\;E:\Program Files\Microsoft SQL Server\130\Tools\Binn\;E:\Program Files\Microsoft SQL Server\Client SDK\ODBC\110\Tools\Binn\;C:\Program Files (x86)\Microsoft SQL Server\120\Tools\Binn\ManagementStudio\;C:\Program Files (x86)\Microsoft SQL Server\120\Tools\Binn\;C:\Program Files (x86)\Microsoft SQL Server\120\DTS\Binn\;E:\Program Files\Microsoft SQL Server\120\DTS\Binn\;C:\Program Files (x86)\ATI Technologies\ATI.ACE\Core-Static;C:\Program Files (x86)\Windows Kits\10\Windows Performance Toolkit\;E:\Node\;E:\Program Files\Git\cmd;C:\Program Files (x86)\Skype\Phone\;C:\Users\Christian\.dnx\bin;C:\Users\Christian\AppData\Roaming\npm;E:\Program Files\Docker Toolbox
USERNAME=Christian
OS=Windows_NT
PROCESSOR_IDENTIFIER=Intel64 Family 6 Model 94 Stepping 3, GenuineIntel



---------------  S Y S T E M  ---------------

OS: Windows 7 , 64 bit Build 7601 Service Pack 1

CPU:total 4 (4 cores per cpu, 1 threads per core) family 6 model 94 stepping 3, cmov, cx8, fxsr, mmx, sse, sse2, sse3, ssse3, sse4.1, sse4.2, popcnt, avx, avx2, aes, erms, tsc, tscinvbit

Memory: 4k page, physical 16777216k(10898952k free), swap 33552572k(26921508k free)

vm_info: Java HotSpot(TM) Client VM (24.55-b03) for windows-x86 JRE (1.7.0_55-b13), built on Mar 17 2014 20:01:11 by "java_re" with unknown MS VC++:1600

time: Tue May 02 17:45:25 2017
elapsed time: 3491 seconds

